17:59:34 - INFO - Top 10 memory allocations:
17:59:34 - INFO -   <__array_function__ internals>:200: size=117 MiB, count=6, average=19.5 MiB
17:59:34 - INFO -   <frozen importlib._bootstrap_external>:729: size=18.8 MiB, count=122589, average=161 B
17:59:34 - INFO -   D:\Anaconda\Lib\json\decoder.py:353: size=3957 KiB, count=38642, average=105 B
17:59:34 - INFO -   <frozen importlib._bootstrap>:241: size=2680 KiB, count=25320, average=108 B
17:59:34 - INFO -   D:\Anaconda\Lib\site-packages\altair\utils\core.py:733: size=1699 KiB, count=72, average=23.6 KiB
17:59:34 - INFO -   C:\Users\user\Desktop\Labels-Local\app.py:224: size=515 KiB, count=5739, average=92 B
17:59:34 - INFO -   D:\Anaconda\Lib\linecache.py:137: size=473 KiB, count=4734, average=102 B
17:59:34 - INFO -   D:\Anaconda\Lib\re\__init__.py:185: size=339 KiB, count=227, average=1531 B
17:59:34 - INFO -   D:\Anaconda\Lib\site-packages\pandas\util\_decorators.py:380: size=323 KiB, count=322, average=1029 B
17:59:34 - INFO -   <frozen abc>:106: size=296 KiB, count=1018, average=298 B
18:00:19 - INFO - Memory after cleanup: 2.8%
18:01:51 - INFO - Top 10 memory allocations:
18:01:51 - INFO -   <__array_function__ internals>:200: size=117 MiB, count=6, average=19.5 MiB
18:01:51 - INFO -   <frozen importlib._bootstrap_external>:729: size=18.8 MiB, count=122589, average=161 B
18:01:51 - INFO -   D:\Anaconda\Lib\json\decoder.py:353: size=3953 KiB, count=38603, average=105 B
18:01:51 - INFO -   <frozen importlib._bootstrap>:241: size=2680 KiB, count=25314, average=108 B
18:01:51 - INFO -   D:\Anaconda\Lib\site-packages\altair\utils\core.py:733: size=1699 KiB, count=72, average=23.6 KiB
18:01:51 - INFO -   C:\Users\user\Desktop\Labels-Local\app.py:224: size=515 KiB, count=5739, average=92 B
18:01:51 - INFO -   D:\Anaconda\Lib\linecache.py:137: size=473 KiB, count=4734, average=102 B
18:01:51 - INFO -   D:\Anaconda\Lib\re\__init__.py:185: size=339 KiB, count=227, average=1531 B
18:01:51 - INFO -   D:\Anaconda\Lib\site-packages\pandas\util\_decorators.py:380: size=323 KiB, count=322, average=1029 B
18:01:51 - INFO -   <frozen abc>:106: size=296 KiB, count=1018, average=298 B
18:10:27 - INFO - Top 10 memory allocations:
18:10:27 - INFO -   <__array_function__ internals>:200: size=117 MiB, count=21, average=5699 KiB
18:10:27 - INFO -   <frozen importlib._bootstrap_external>:729: size=18.8 MiB, count=122589, average=161 B
18:10:27 - INFO -   D:\Anaconda\Lib\json\decoder.py:353: size=3953 KiB, count=38611, average=105 B
18:10:27 - INFO -   <frozen importlib._bootstrap>:241: size=2679 KiB, count=25307, average=108 B
18:10:27 - INFO -   D:\Anaconda\Lib\site-packages\altair\utils\core.py:733: size=1699 KiB, count=72, average=23.6 KiB
18:10:27 - INFO -   D:\Anaconda\Lib\tracemalloc.py:505: size=860 KiB, count=10456, average=84 B
18:10:27 - INFO -   C:\Users\user\Desktop\Labels-Local\app.py:224: size=514 KiB, count=5729, average=92 B
18:10:27 - INFO -   D:\Anaconda\Lib\tracemalloc.py:498: size=490 KiB, count=10455, average=48 B
18:10:27 - INFO -   D:\Anaconda\Lib\tracemalloc.py:193: size=490 KiB, count=10447, average=48 B
18:10:27 - INFO -   D:\Anaconda\Lib\linecache.py:137: size=473 KiB, count=4734, average=102 B
18:12:40 - INFO - Cache cleanup: removed 0 items, memory change: 0.00 MB
18:13:09 - INFO - Cache cleanup: removed 0 items, memory change: 0.00 MB
