18:10:12 - INFO - Application starting with enhanced logging
18:10:12 - INFO - Memory before creating labeler:
18:10:12 - INFO -   RSS: 468.4 MB
18:10:12 - INFO -   VMS: 453.9 MB
18:10:12 - INFO -   Percent: 2.9%
18:10:57 - INFO - Top 10 memory allocations:
18:10:57 - INFO -   <__array_function__ internals>:200: size=117 MiB, count=6, average=19.5 MiB
18:10:57 - INFO -   <frozen importlib._bootstrap_external>:729: size=18.8 MiB, count=122589, average=161 B
18:10:57 - INFO -   D:\Anaconda\Lib\json\decoder.py:353: size=3966 KiB, count=38763, average=105 B
18:10:57 - INFO -   <frozen importlib._bootstrap>:241: size=2679 KiB, count=25307, average=108 B
18:10:57 - INFO -   D:\Anaconda\Lib\site-packages\altair\utils\core.py:733: size=1699 KiB, count=72, average=23.6 KiB
18:10:57 - INFO -   C:\Users\user\Desktop\Labels-Local\app.py:809: size=659 KiB, count=7363, average=92 B
18:10:57 - INFO -   C:\Users\user\Desktop\Labels-Local\app.py:224: size=514 KiB, count=5729, average=92 B
18:10:57 - INFO -   D:\Anaconda\Lib\linecache.py:137: size=473 KiB, count=4734, average=102 B
18:10:57 - INFO -   D:\Anaconda\Lib\re\__init__.py:185: size=339 KiB, count=227, average=1531 B
18:10:57 - INFO -   D:\Anaconda\Lib\site-packages\pandas\util\_decorators.py:380: size=323 KiB, count=322, average=1029 B
18:11:30 - INFO - Top 10 memory allocations:
18:11:30 - INFO -   <__array_function__ internals>:200: size=117 MiB, count=6, average=19.5 MiB
18:11:30 - INFO -   <frozen importlib._bootstrap_external>:729: size=18.8 MiB, count=122589, average=161 B
18:11:30 - INFO -   D:\Anaconda\Lib\json\decoder.py:353: size=3966 KiB, count=38763, average=105 B
18:11:30 - INFO -   <frozen importlib._bootstrap>:241: size=2679 KiB, count=25307, average=108 B
18:11:30 - INFO -   D:\Anaconda\Lib\site-packages\altair\utils\core.py:733: size=1699 KiB, count=72, average=23.6 KiB
18:11:30 - INFO -   C:\Users\user\Desktop\Labels-Local\app.py:809: size=659 KiB, count=7363, average=92 B
18:11:30 - INFO -   C:\Users\user\Desktop\Labels-Local\app.py:224: size=514 KiB, count=5729, average=92 B
18:11:30 - INFO -   D:\Anaconda\Lib\linecache.py:137: size=473 KiB, count=4734, average=102 B
18:11:30 - INFO -   D:\Anaconda\Lib\re\__init__.py:185: size=339 KiB, count=227, average=1531 B
18:11:30 - INFO -   D:\Anaconda\Lib\site-packages\pandas\util\_decorators.py:380: size=323 KiB, count=322, average=1029 B
18:12:37 - INFO - Cache cleanup: removed 0 items, memory change: 0.00 MB
18:12:56 - INFO - Cache cleanup: removed 0 items, memory change: 0.00 MB
18:13:07 - INFO - Memory after creating labeler:
18:13:07 - INFO -   RSS: 530.2 MB
18:13:07 - INFO -   VMS: 516.9 MB
18:13:07 - INFO -   Percent: 3.3%
18:13:23 - INFO - Cache cleanup: removed 0 items, memory change: 0.00 MB
