18:08:01 - INFO - Top 10 memory allocations:
18:08:01 - INFO -   <__array_function__ internals>:200: size=117 MiB, count=6, average=19.5 MiB
18:08:01 - INFO -   <frozen importlib._bootstrap_external>:729: size=18.8 MiB, count=122589, average=161 B
18:08:01 - INFO -   D:\Anaconda\Lib\json\decoder.py:353: size=3953 KiB, count=38614, average=105 B
18:08:01 - INFO -   <frozen importlib._bootstrap>:241: size=2679 KiB, count=25308, average=108 B
18:08:01 - INFO -   D:\Anaconda\Lib\site-packages\altair\utils\core.py:733: size=1699 KiB, count=72, average=23.6 KiB
18:08:01 - INFO -   C:\Users\user\Desktop\Labels-Local\app.py:224: size=515 KiB, count=5733, average=92 B
18:08:01 - INFO -   D:\Anaconda\Lib\linecache.py:137: size=473 KiB, count=4734, average=102 B
18:08:01 - INFO -   D:\Anaconda\Lib\re\__init__.py:185: size=339 KiB, count=227, average=1531 B
18:08:01 - INFO -   D:\Anaconda\Lib\site-packages\pandas\util\_decorators.py:380: size=323 KiB, count=322, average=1029 B
18:08:01 - INFO -   <frozen abc>:106: size=296 KiB, count=1018, average=298 B
18:09:42 - INFO - Cache cleanup: removed 0 items, memory change: 0.00 MB
18:10:16 - INFO - Cache cleanup: removed 0 items, memory change: 0.00 MB
18:10:53 - INFO - Cache cleanup: removed 0 items, memory change: 0.00 MB
18:12:38 - INFO - Application starting with enhanced logging
18:13:33 - INFO - Top 10 memory allocations:
18:13:33 - INFO -   <__array_function__ internals>:200: size=117 MiB, count=6, average=19.5 MiB
18:13:33 - INFO -   <frozen importlib._bootstrap_external>:729: size=18.8 MiB, count=122589, average=161 B
18:13:33 - INFO -   D:\Anaconda\Lib\json\decoder.py:353: size=3972 KiB, count=38814, average=105 B
18:13:33 - INFO -   <frozen importlib._bootstrap>:241: size=2679 KiB, count=25306, average=108 B
18:13:33 - INFO -   D:\Anaconda\Lib\site-packages\altair\utils\core.py:733: size=1699 KiB, count=72, average=23.6 KiB
18:13:33 - INFO -   C:\Users\user\Desktop\Labels-Local\app.py:809: size=659 KiB, count=7363, average=92 B
18:13:33 - INFO -   C:\Users\user\Desktop\Labels-Local\app.py:224: size=514 KiB, count=5727, average=92 B
18:13:33 - INFO -   D:\Anaconda\Lib\linecache.py:137: size=473 KiB, count=4734, average=102 B
18:13:33 - INFO -   D:\Anaconda\Lib\copyreg.py:105: size=383 KiB, count=3050, average=129 B
18:13:33 - INFO -   D:\Anaconda\Lib\re\__init__.py:185: size=339 KiB, count=227, average=1531 B
