18:10:16 - INFO - Cache cleanup: removed 0 items, memory change: 0.00 MB
18:10:25 - INFO - Top 10 memory allocations:
18:10:25 - INFO -   <__array_function__ internals>:200: size=117 MiB, count=21, average=5699 KiB
18:10:25 - INFO -   <frozen importlib._bootstrap_external>:729: size=18.8 MiB, count=122589, average=161 B
18:10:25 - INFO -   D:\Anaconda\Lib\json\decoder.py:353: size=3953 KiB, count=38611, average=105 B
18:10:25 - INFO -   <frozen importlib._bootstrap>:241: size=2679 KiB, count=25307, average=108 B
18:10:25 - INFO -   D:\Anaconda\Lib\site-packages\altair\utils\core.py:733: size=1699 KiB, count=72, average=23.6 KiB
18:10:25 - INFO -   D:\Anaconda\Lib\tracemalloc.py:505: size=787 KiB, count=9126, average=88 B
18:10:25 - INFO -   C:\Users\user\Desktop\Labels-Local\app.py:224: size=514 KiB, count=5729, average=92 B
18:10:25 - INFO -   D:\Anaconda\Lib\linecache.py:137: size=473 KiB, count=4734, average=102 B
18:10:25 - INFO -   D:\Anaconda\Lib\tracemalloc.py:498: size=428 KiB, count=9125, average=48 B
18:10:25 - INFO -   D:\Anaconda\Lib\tracemalloc.py:193: size=428 KiB, count=9125, average=48 B
18:11:55 - INFO - Memory changes during image rendering:
18:11:55 - INFO - D:\Anaconda\Lib\tracemalloc.py:67: size=0 B (-125 KiB), count=0 (-1995)
18:11:55 - INFO - D:\Anaconda\Lib\site-packages\streamlit\elements\image.py:279: size=81.3 KiB (+81.3 KiB), count=1 (+1), average=81.3 KiB
18:11:55 - INFO - D:\Anaconda\Lib\site-packages\matplotlib\cbook\__init__.py:714: size=64.1 KiB (+64.1 KiB), count=2 (+2), average=32.0 KiB
18:12:59 - INFO - Top 10 memory allocations:
18:12:59 - INFO -   <__array_function__ internals>:200: size=117 MiB, count=6, average=19.5 MiB
18:12:59 - INFO -   <frozen importlib._bootstrap_external>:729: size=18.8 MiB, count=122589, average=161 B
18:12:59 - INFO -   D:\Anaconda\Lib\json\decoder.py:353: size=3964 KiB, count=38750, average=105 B
18:12:59 - INFO -   <frozen importlib._bootstrap>:241: size=2679 KiB, count=25306, average=108 B
18:12:59 - INFO -   D:\Anaconda\Lib\site-packages\altair\utils\core.py:733: size=1699 KiB, count=72, average=23.6 KiB
18:12:59 - INFO -   C:\Users\user\Desktop\Labels-Local\app.py:809: size=659 KiB, count=7363, average=92 B
18:12:59 - INFO -   C:\Users\user\Desktop\Labels-Local\app.py:224: size=514 KiB, count=5727, average=92 B
18:12:59 - INFO -   D:\Anaconda\Lib\linecache.py:137: size=473 KiB, count=4734, average=102 B
18:12:59 - INFO -   D:\Anaconda\Lib\copyreg.py:105: size=360 KiB, count=2868, average=129 B
18:12:59 - INFO -   D:\Anaconda\Lib\re\__init__.py:185: size=339 KiB, count=227, average=1531 B
18:14:14 - INFO - Application starting with enhanced logging
