18:00:28 - INFO - Cache cleanup: removed 0 items, memory change: 0.00 MB
18:01:23 - INFO - Top 10 memory allocations:
18:01:23 - INFO -   <__array_function__ internals>:200: size=117 MiB, count=6, average=19.5 MiB
18:01:23 - INFO -   <frozen importlib._bootstrap_external>:729: size=18.8 MiB, count=122589, average=161 B
18:01:23 - INFO -   D:\Anaconda\Lib\json\decoder.py:353: size=3953 KiB, count=38603, average=105 B
18:01:23 - INFO -   <frozen importlib._bootstrap>:241: size=2680 KiB, count=25317, average=108 B
18:01:23 - INFO -   D:\Anaconda\Lib\site-packages\altair\utils\core.py:733: size=1699 KiB, count=72, average=23.6 KiB
18:01:23 - INFO -   C:\Users\user\Desktop\Labels-Local\app.py:224: size=515 KiB, count=5739, average=92 B
18:01:23 - INFO -   D:\Anaconda\Lib\linecache.py:137: size=473 KiB, count=4734, average=102 B
18:01:23 - INFO -   D:\Anaconda\Lib\re\__init__.py:185: size=339 KiB, count=227, average=1531 B
18:01:23 - INFO -   D:\Anaconda\Lib\site-packages\pandas\util\_decorators.py:380: size=323 KiB, count=322, average=1029 B
18:01:23 - INFO -   <frozen abc>:106: size=296 KiB, count=1018, average=298 B
18:02:49 - INFO - Memory after creating labeler:
18:02:49 - INFO -   RSS: 461.1 MB
18:02:49 - INFO -   VMS: 445.8 MB
18:02:49 - INFO -   Percent: 2.8%
18:04:04 - INFO - Application starting with enhanced logging
18:10:52 - INFO -   D:\Anaconda\Lib\re\__init__.py:185: size=339 KiB, count=227, average=1531 B
18:10:52 - INFO -   D:\Anaconda\Lib\site-packages\pandas\util\_decorators.py:380: size=323 KiB, count=322, average=1029 B
18:12:34 - INFO - Top 10 memory allocations:
18:12:34 - INFO -   <__array_function__ internals>:200: size=117 MiB, count=6, average=19.5 MiB
18:12:34 - INFO -   <frozen importlib._bootstrap_external>:729: size=18.8 MiB, count=122589, average=161 B
18:12:34 - INFO -   D:\Anaconda\Lib\json\decoder.py:353: size=3966 KiB, count=38763, average=105 B
18:12:34 - INFO -   <frozen importlib._bootstrap>:241: size=2679 KiB, count=25306, average=108 B
18:12:34 - INFO -   D:\Anaconda\Lib\site-packages\altair\utils\core.py:733: size=1699 KiB, count=72, average=23.6 KiB
18:12:34 - INFO -   C:\Users\user\Desktop\Labels-Local\app.py:809: size=659 KiB, count=7363, average=92 B
18:12:34 - INFO -   C:\Users\user\Desktop\Labels-Local\app.py:224: size=514 KiB, count=5727, average=92 B
18:12:34 - INFO -   D:\Anaconda\Lib\linecache.py:137: size=473 KiB, count=4734, average=102 B
18:12:34 - INFO -   D:\Anaconda\Lib\re\__init__.py:185: size=339 KiB, count=227, average=1531 B
18:12:34 - INFO -   D:\Anaconda\Lib\copyreg.py:105: size=337 KiB, count=2678, average=129 B
18:14:13 - INFO - Cache cleanup: removed 0 items, memory change: 0.00 MB
18:15:13 - INFO - Memory changes during cleanup:
18:15:13 - INFO - D:\Anaconda\Lib\tracemalloc.py:67: size=0 B (-125 KiB), count=0 (-1998)
18:15:13 - INFO - D:\Anaconda\Lib\tracemalloc.py:558: size=440 B (+216 B), count=8 (+4), average=55 B
18:15:13 - INFO - D:\Anaconda\Lib\logging\__init__.py:2148: size=0 B (-176 B), count=0 (-3)
