18:06:03 - INFO - Cache cleanup: removed 0 items, memory change: 0.00 MB
18:07:35 - INFO - Memory after creating labeler:
18:07:35 - INFO -   RSS: 466.5 MB
18:07:35 - INFO -   VMS: 452.2 MB
18:07:35 - INFO -   Percent: 2.9%
18:08:25 - INFO - Top 10 memory allocations:
18:08:25 - INFO -   <__array_function__ internals>:200: size=117 MiB, count=5, average=23.4 MiB
18:08:25 - INFO -   <frozen importlib._bootstrap_external>:729: size=18.8 MiB, count=122589, average=161 B
18:08:25 - INFO -   D:\Anaconda\Lib\json\decoder.py:353: size=3953 KiB, count=38614, average=105 B
18:08:25 - INFO -   <frozen importlib._bootstrap>:241: size=2679 KiB, count=25308, average=108 B
18:08:25 - INFO -   D:\Anaconda\Lib\site-packages\altair\utils\core.py:733: size=1699 KiB, count=72, average=23.6 KiB
18:08:25 - INFO -   C:\Users\user\Desktop\Labels-Local\app.py:224: size=514 KiB, count=5731, average=92 B
18:08:25 - INFO -   D:\Anaconda\Lib\linecache.py:137: size=473 KiB, count=4734, average=102 B
18:08:25 - INFO -   D:\Anaconda\Lib\re\__init__.py:185: size=339 KiB, count=227, average=1531 B
18:08:25 - INFO -   D:\Anaconda\Lib\site-packages\pandas\util\_decorators.py:380: size=323 KiB, count=322, average=1029 B
18:08:25 - INFO -   <frozen abc>:106: size=296 KiB, count=1018, average=298 B
18:12:56 - INFO - Cache cleanup: removed 0 items, memory change: 0.00 MB
18:13:07 - INFO - Top 10 memory allocations:
18:13:07 - INFO -   <__array_function__ internals>:200: size=117 MiB, count=21, average=5699 KiB
18:13:07 - INFO -   <frozen importlib._bootstrap_external>:729: size=18.8 MiB, count=122589, average=161 B
18:13:07 - INFO -   D:\Anaconda\Lib\json\decoder.py:353: size=3964 KiB, count=38750, average=105 B
18:13:07 - INFO -   <frozen importlib._bootstrap>:241: size=2679 KiB, count=25306, average=108 B
18:13:07 - INFO -   D:\Anaconda\Lib\site-packages\altair\utils\core.py:733: size=1699 KiB, count=72, average=23.6 KiB
18:13:07 - INFO -   D:\Anaconda\Lib\tracemalloc.py:505: size=1295 KiB, count=13154, average=101 B
18:13:07 - INFO -   C:\Users\user\Desktop\Labels-Local\app.py:809: size=659 KiB, count=7363, average=92 B
18:13:07 - INFO -   D:\Anaconda\Lib\tracemalloc.py:498: size=617 KiB, count=13153, average=48 B
18:13:07 - INFO -   D:\Anaconda\Lib\tracemalloc.py:193: size=616 KiB, count=13152, average=48 B
18:13:07 - INFO -   D:\Anaconda\Lib\tracemalloc.py:499: size=576 KiB, count=1, average=576 KiB
18:15:22 - INFO - Memory changes during cleanup:
18:15:22 - INFO - D:\Anaconda\Lib\tracemalloc.py:67: size=0 B (-125 KiB), count=0 (-1998)
18:15:22 - INFO - D:\Anaconda\Lib\tracemalloc.py:558: size=440 B (+216 B), count=8 (+4), average=55 B
18:15:22 - INFO - D:\Anaconda\Lib\logging\__init__.py:2148: size=0 B (-176 B), count=0 (-3)
18:16:03 - INFO - Memory changes during cleanup:
18:16:03 - INFO - D:\Anaconda\Lib\tracemalloc.py:115: size=0 B (-156 KiB), count=0 (-1998)
18:16:03 - INFO - D:\Anaconda\Lib\tracemalloc.py:558: size=94.0 KiB (+93.9 KiB), count=2004 (+2002), average=48 B
18:16:03 - INFO - D:\Anaconda\Lib\tracemalloc.py:193: size=0 B (-93.5 KiB), count=0 (-1995)
18:16:03 - INFO - Memory after cleanup:
18:16:03 - INFO -   RSS: 538.3 MB
18:16:03 - INFO -   VMS: 524.3 MB
18:16:03 - INFO -   Percent: 3.3%
