18:50:14 - INFO - Memory before creating labeler:
18:50:14 - INFO -   RSS: 726.4 MB
18:50:14 - INFO -   VMS: 707.7 MB
18:50:14 - INFO -   Percent: 4.5%
18:50:15 - INFO - Cache cleanup: removed 0 items, memory change: 0.00 MB
18:51:18 - INFO - Top 10 memory allocations:
18:51:18 - INFO -   <__array_function__ internals>:200: size=701 MiB, count=19, average=36.9 MiB
18:51:18 - INFO -   D:\Anaconda\Lib\linecache.py:137: size=477 KiB, count=4775, average=102 B
18:51:18 - INFO -   <frozen ntpath>:723: size=179 KiB, count=1635, average=112 B
18:51:18 - INFO -   <frozen ntpath>:66: size=167 KiB, count=1650, average=104 B
18:51:18 - INFO -   <frozen ntpath>:720: size=166 KiB, count=1635, average=104 B
18:51:18 - INFO -   D:\Anaconda\Lib\selectors.py:314: size=144 KiB, count=4, average=36.0 KiB
18:51:18 - INFO -   D:\Anaconda\Lib\inspect.py:1000: size=101 KiB, count=1, average=101 KiB
18:51:18 - INFO -   <frozen abc>:123: size=55.8 KiB, count=727, average=79 B
18:51:18 - INFO -   D:\Anaconda\Lib\inspect.py:997: size=50.7 KiB, count=1, average=50.7 KiB
18:51:18 - INFO -   D:\Anaconda\Lib\copyreg.py:105: size=35.9 KiB, count=286, average=128 B
18:51:20 - INFO - Application starting with enhanced logging
18:51:26 - INFO - Cache cleanup: removed 0 items, memory change: 0.00 MB
18:54:14 - INFO - Memory changes during cleanup:
18:54:14 - INFO - D:\Anaconda\Lib\tracemalloc.py:115: size=0 B (-74.7 KiB), count=0 (-956)
18:54:14 - INFO - D:\Anaconda\Lib\ctypes\__init__.py:64: size=62.6 KiB (+62.6 KiB), count=2 (+2), average=31.3 KiB
18:54:14 - INFO - D:\Anaconda\Lib\tracemalloc.py:193: size=0 B (-43.3 KiB), count=0 (-924)
