17:58:26 - INFO - Memory after creating labeler:
17:58:26 - INFO -   RSS: 405.3 MB
17:58:26 - INFO -   VMS: 389.1 MB
17:58:26 - INFO -   Percent: 2.5%
17:58:27 - INFO -   D:\Anaconda\Lib\json\decoder.py:353: size=3937 KiB, count=38344, average=105 B
17:58:27 - INFO -   <frozen importlib._bootstrap>:241: size=2681 KiB, count=25332, average=108 B
17:58:27 - INFO -   D:\Anaconda\Lib\site-packages\altair\utils\core.py:733: size=1699 KiB, count=72, average=23.6 KiB
17:58:27 - INFO -   D:\Anaconda\Lib\linecache.py:137: size=473 KiB, count=4734, average=102 B
17:58:27 - INFO -   D:\Anaconda\Lib\re\__init__.py:185: size=339 KiB, count=227, average=1531 B
17:58:27 - INFO -   D:\Anaconda\Lib\site-packages\pandas\util\_decorators.py:380: size=323 KiB, count=322, average=1029 B
17:58:27 - INFO -   <frozen abc>:106: size=296 KiB, count=1018, average=298 B
17:58:27 - INFO -   D:\Anaconda\Lib\typing.py:2607: size=226 KiB, count=3080, average=75 B
17:58:58 - INFO - Cache cleanup: removed 0 items, memory change: 0.00 MB
17:59:02 - INFO - Top 10 memory allocations:
17:59:02 - INFO -   <__array_function__ internals>:200: size=117 MiB, count=6, average=19.5 MiB
17:59:02 - INFO -   <frozen importlib._bootstrap_external>:729: size=18.8 MiB, count=122589, average=161 B
17:59:02 - INFO -   D:\Anaconda\Lib\json\decoder.py:353: size=3937 KiB, count=38344, average=105 B
17:59:02 - INFO -   <frozen importlib._bootstrap>:241: size=2680 KiB, count=25325, average=108 B
17:59:02 - INFO -   D:\Anaconda\Lib\site-packages\altair\utils\core.py:733: size=1699 KiB, count=72, average=23.6 KiB
17:59:02 - INFO -   D:\Anaconda\Lib\linecache.py:137: size=473 KiB, count=4734, average=102 B
17:59:02 - INFO -   D:\Anaconda\Lib\re\__init__.py:185: size=339 KiB, count=227, average=1531 B
17:59:02 - INFO -   D:\Anaconda\Lib\site-packages\pandas\util\_decorators.py:380: size=323 KiB, count=322, average=1029 B
17:59:02 - INFO -   <frozen abc>:106: size=296 KiB, count=1018, average=298 B
17:59:02 - INFO -   D:\Anaconda\Lib\typing.py:2607: size=226 KiB, count=3080, average=75 B
17:59:02 - INFO - Memory after creating labeler:
17:59:02 - INFO -   RSS: 421.8 MB
17:59:02 - INFO -   VMS: 405.1 MB
17:59:02 - INFO -   Percent: 2.6%
17:59:05 - INFO - Cache cleanup: removed 0 items, memory change: 0.00 MB
17:59:31 - INFO - Cache cleanup: removed 0 items, memory change: 0.00 MB
17:59:43 - INFO - Cache cleanup: removed 0 items, memory change: 0.00 MB
18:01:24 - INFO - Top 10 memory allocations:
18:01:24 - INFO -   <__array_function__ internals>:200: size=117 MiB, count=6, average=19.5 MiB
18:01:24 - INFO -   <frozen importlib._bootstrap_external>:729: size=18.8 MiB, count=122589, average=161 B
18:01:24 - INFO -   D:\Anaconda\Lib\json\decoder.py:353: size=3953 KiB, count=38603, average=105 B
18:01:24 - INFO -   <frozen importlib._bootstrap>:241: size=2680 KiB, count=25317, average=108 B
18:01:24 - INFO -   D:\Anaconda\Lib\site-packages\altair\utils\core.py:733: size=1699 KiB, count=72, average=23.6 KiB
18:01:24 - INFO -   C:\Users\user\Desktop\Labels-Local\app.py:224: size=515 KiB, count=5739, average=92 B
18:01:24 - INFO -   D:\Anaconda\Lib\linecache.py:137: size=473 KiB, count=4734, average=102 B
18:01:24 - INFO -   D:\Anaconda\Lib\re\__init__.py:185: size=339 KiB, count=227, average=1531 B
18:01:24 - INFO -   D:\Anaconda\Lib\site-packages\pandas\util\_decorators.py:380: size=323 KiB, count=322, average=1029 B
18:01:24 - INFO -   <frozen abc>:106: size=296 KiB, count=1018, average=298 B
18:06:31 - INFO - Top 10 memory allocations:
18:06:31 - INFO -   <__array_function__ internals>:200: size=117 MiB, count=6, average=19.5 MiB
18:06:31 - INFO -   <frozen importlib._bootstrap_external>:729: size=18.8 MiB, count=122589, average=161 B
18:06:31 - INFO -   D:\Anaconda\Lib\json\decoder.py:353: size=3953 KiB, count=38614, average=105 B
18:06:31 - INFO -   <frozen importlib._bootstrap>:241: size=2680 KiB, count=25311, average=108 B
18:06:31 - INFO -   D:\Anaconda\Lib\site-packages\altair\utils\core.py:733: size=1699 KiB, count=72, average=23.6 KiB
18:06:31 - INFO -   C:\Users\user\Desktop\Labels-Local\app.py:224: size=515 KiB, count=5735, average=92 B
18:06:31 - INFO -   D:\Anaconda\Lib\linecache.py:137: size=473 KiB, count=4734, average=102 B
18:06:31 - INFO -   D:\Anaconda\Lib\re\__init__.py:185: size=339 KiB, count=227, average=1531 B
18:06:31 - INFO -   D:\Anaconda\Lib\site-packages\pandas\util\_decorators.py:380: size=323 KiB, count=322, average=1029 B
18:06:31 - INFO -   <frozen abc>:106: size=296 KiB, count=1018, average=298 B
18:08:50 - INFO - Top 10 memory allocations:
18:08:50 - INFO -   <__array_function__ internals>:200: size=117 MiB, count=6, average=19.5 MiB
18:08:50 - INFO -   <frozen importlib._bootstrap_external>:729: size=18.8 MiB, count=122589, average=161 B
18:08:50 - INFO -   D:\Anaconda\Lib\json\decoder.py:353: size=3953 KiB, count=38614, average=105 B
18:08:50 - INFO -   <frozen importlib._bootstrap>:241: size=2679 KiB, count=25307, average=108 B
18:08:50 - INFO -   D:\Anaconda\Lib\site-packages\altair\utils\core.py:733: size=1699 KiB, count=72, average=23.6 KiB
18:08:50 - INFO -   C:\Users\user\Desktop\Labels-Local\app.py:224: size=514 KiB, count=5731, average=92 B
18:08:50 - INFO -   D:\Anaconda\Lib\linecache.py:137: size=473 KiB, count=4734, average=102 B
18:08:50 - INFO -   D:\Anaconda\Lib\re\__init__.py:185: size=339 KiB, count=227, average=1531 B
18:08:50 - INFO -   D:\Anaconda\Lib\site-packages\pandas\util\_decorators.py:380: size=323 KiB, count=322, average=1029 B
18:08:50 - INFO -   <frozen abc>:106: size=296 KiB, count=1018, average=298 B
18:09:39 - INFO - Top 10 memory allocations:
18:09:39 - INFO -   <__array_function__ internals>:200: size=117 MiB, count=6, average=19.5 MiB
18:09:39 - INFO -   <frozen importlib._bootstrap_external>:729: size=18.8 MiB, count=122589, average=161 B
18:09:39 - INFO -   D:\Anaconda\Lib\json\decoder.py:353: size=3953 KiB, count=38614, average=105 B
18:09:39 - INFO -   <frozen importlib._bootstrap>:241: size=2679 KiB, count=25307, average=108 B
18:09:39 - INFO -   D:\Anaconda\Lib\site-packages\altair\utils\core.py:733: size=1699 KiB, count=72, average=23.6 KiB
18:09:39 - INFO -   C:\Users\user\Desktop\Labels-Local\app.py:224: size=514 KiB, count=5729, average=92 B
18:09:39 - INFO -   D:\Anaconda\Lib\linecache.py:137: size=473 KiB, count=4734, average=102 B
18:09:39 - INFO -   D:\Anaconda\Lib\re\__init__.py:185: size=339 KiB, count=227, average=1531 B
18:09:39 - INFO -   D:\Anaconda\Lib\site-packages\pandas\util\_decorators.py:380: size=323 KiB, count=322, average=1029 B
18:09:39 - INFO -   <frozen abc>:106: size=296 KiB, count=1018, average=298 B
18:13:37 - INFO - Cache cleanup: removed 0 items, memory change: 0.00 MB
18:15:00 - INFO - Memory changes during cleanup:
18:15:00 - INFO - D:\Anaconda\Lib\site-packages\streamlit\runtime\state\session_state_proxy.py:63: size=560 B (+560 B), count=5 (+5), average=112 B
18:15:00 - INFO - <string>:7: size=312 B (+312 B), count=2 (+2), average=156 B
18:15:00 - INFO - <string>:6: size=312 B (+312 B), count=2 (+2), average=156 B
18:15:00 - INFO - Memory after cleanup:
18:15:00 - INFO -   RSS: 530.1 MB
18:15:00 - INFO -   VMS: 516.1 MB
18:15:00 - INFO -   Percent: 3.3%
