18:00:22 - INFO - Cache cleanup: removed 0 items, memory change: 0.00 MB
18:00:50 - INFO - Memory changes during image rendering:
18:00:50 - INFO - D:\Anaconda\Lib\site-packages\streamlit\elements\image.py:279: size=91.4 KiB (+91.4 KiB), count=1 (+1), average=91.4 KiB
18:00:50 - INFO - D:\Anaconda\Lib\site-packages\matplotlib\cbook\__init__.py:714: size=64.1 KiB (+64.1 KiB), count=2 (+2), average=32.0 KiB
18:00:50 - INFO - D:\Anaconda\Lib\site-packages\matplotlib\transforms.py:209: size=53.8 KiB (+53.8 KiB), count=708 (+707), average=78 B
18:04:01 - INFO - Cache cleanup: removed 0 items, memory change: 0.00 MB
18:06:01 - INFO - Memory after creating labeler:
18:06:01 - INFO -   RSS: 462.6 MB
18:06:01 - INFO -   VMS: 447.1 MB
18:06:01 - INFO -   Percent: 2.8%
18:07:57 - INFO - Memory changes during image rendering:
18:07:57 - INFO - D:\Anaconda\Lib\tracemalloc.py:67: size=0 B (-125 KiB), count=0 (-1995)
18:09:40 - INFO - Cache cleanup: removed 0 items, memory change: 0.00 MB
18:10:14 - INFO - Top 10 memory allocations:
18:10:14 - INFO -   <__array_function__ internals>:200: size=117 MiB, count=6, average=19.5 MiB
18:10:14 - INFO -   <frozen importlib._bootstrap_external>:729: size=18.8 MiB, count=122589, average=161 B
18:10:14 - INFO -   D:\Anaconda\Lib\json\decoder.py:353: size=3953 KiB, count=38614, average=105 B
18:10:14 - INFO -   <frozen importlib._bootstrap>:241: size=2679 KiB, count=25307, average=108 B
18:10:14 - INFO -   D:\Anaconda\Lib\site-packages\altair\utils\core.py:733: size=1699 KiB, count=72, average=23.6 KiB
18:10:14 - INFO -   C:\Users\user\Desktop\Labels-Local\app.py:224: size=514 KiB, count=5729, average=92 B
18:10:14 - INFO -   D:\Anaconda\Lib\linecache.py:137: size=473 KiB, count=4734, average=102 B
18:10:14 - INFO -   D:\Anaconda\Lib\re\__init__.py:185: size=339 KiB, count=227, average=1531 B
18:10:14 - INFO -   D:\Anaconda\Lib\site-packages\pandas\util\_decorators.py:380: size=323 KiB, count=322, average=1029 B
18:10:14 - INFO -   <frozen abc>:106: size=296 KiB, count=1018, average=298 B
18:14:11 - INFO - Memory after creating labeler:
18:14:11 - INFO -   RSS: 525.2 MB
18:14:11 - INFO -   VMS: 511.1 MB
18:14:11 - INFO -   Percent: 3.2%
18:16:33 - INFO - Memory changes during cleanup:
18:16:33 - INFO - D:\Anaconda\Lib\tracemalloc.py:67: size=0 B (-125 KiB), count=0 (-1998)
18:16:33 - INFO - D:\Anaconda\Lib\ctypes\__init__.py:64: size=62.6 KiB (+62.6 KiB), count=2 (+2), average=31.3 KiB
18:16:33 - INFO - D:\Anaconda\Lib\logging\__init__.py:1213: size=1206 B (-328 B), count=18 (-4), average=67 B
18:16:33 - INFO - Memory after cleanup:
18:16:33 - INFO -   RSS: 537.2 MB
18:16:33 - INFO -   VMS: 523.1 MB
18:16:33 - INFO -   Percent: 3.3%
