18:50:00 - INFO - Top 10 memory allocations:
18:50:00 - INFO -   <__array_function__ internals>:200: size=234 MiB, count=7, average=33.4 MiB
18:50:00 - INFO -   D:\Anaconda\Lib\linecache.py:137: size=477 KiB, count=4775, average=102 B
18:50:00 - INFO -   <frozen ntpath>:723: size=179 KiB, count=1635, average=112 B
18:50:00 - INFO -   <frozen ntpath>:66: size=167 KiB, count=1650, average=104 B
18:50:00 - INFO -   <frozen ntpath>:720: size=166 KiB, count=1635, average=104 B
18:50:00 - INFO -   D:\Anaconda\Lib\selectors.py:314: size=144 KiB, count=4, average=36.0 KiB
18:50:00 - INFO -   D:\Anaconda\Lib\inspect.py:1000: size=101 KiB, count=1, average=101 KiB
18:50:00 - INFO -   D:\Anaconda\Lib\site-packages\streamlit\watcher\local_sources_watcher.py:176: size=64.2 KiB, count=2, average=32.1 KiB
18:50:00 - INFO -   D:\Anaconda\Lib\inspect.py:997: size=50.7 KiB, count=1, average=50.7 KiB
18:50:00 - INFO -   <frozen abc>:123: size=45.7 KiB, count=597, average=78 B
18:50:00 - INFO - Cache cleanup: removed 0 items, memory change: 0.00 MB
18:50:06 - INFO - Top 10 memory allocations:
18:50:06 - INFO -   <__array_function__ internals>:200: size=351 MiB, count=10, average=35.1 MiB
18:50:06 - INFO -   D:\Anaconda\Lib\linecache.py:137: size=477 KiB, count=4775, average=102 B
18:50:06 - INFO -   <frozen ntpath>:723: size=179 KiB, count=1635, average=112 B
18:50:06 - INFO -   <frozen ntpath>:66: size=167 KiB, count=1650, average=104 B
18:50:06 - INFO -   <frozen ntpath>:720: size=166 KiB, count=1635, average=104 B
18:50:06 - INFO -   D:\Anaconda\Lib\selectors.py:314: size=144 KiB, count=7, average=20.6 KiB
18:50:06 - INFO -   D:\Anaconda\Lib\inspect.py:1000: size=101 KiB, count=1, average=101 KiB
18:50:06 - INFO -   D:\Anaconda\Lib\site-packages\streamlit\watcher\local_sources_watcher.py:176: size=64.2 KiB, count=2, average=32.1 KiB
18:50:06 - INFO -   D:\Anaconda\Lib\inspect.py:997: size=50.7 KiB, count=1, average=50.7 KiB
18:50:06 - INFO -   <frozen abc>:123: size=45.5 KiB, count=595, average=78 B
18:50:06 - INFO - Cache cleanup: removed 0 items, memory change: 0.00 MB
18:50:10 - INFO - Cache cleanup: removed 0 items, memory change: 0.00 MB
18:50:16 - INFO - Cache cleanup: removed 0 items, memory change: 0.00 MB
18:51:22 - INFO - Cache cleanup: removed 0 items, memory change: 0.00 MB
18:54:06 - INFO - Memory changes during cleanup:
18:54:06 - INFO - D:\Anaconda\Lib\tracemalloc.py:560: size=208 B (+208 B), count=2 (+2), average=104 B
18:54:06 - INFO - D:\Anaconda\Lib\tracemalloc.py:423: size=208 B (+208 B), count=2 (+2), average=104 B
18:54:06 - INFO - C:\Users\user\Desktop\Labels-Local\app.py:826: size=72 B (+72 B), count=2 (+2), average=36 B
