18:49:56 - INFO - Application starting with enhanced logging
18:49:58 - INFO - Cache cleanup: removed 0 items, memory change: 0.00 MB
18:50:02 - INFO - Cache cleanup: removed 0 items, memory change: 0.00 MB
18:50:08 - INFO - Cache cleanup: removed 0 items, memory change: 0.00 MB
18:50:11 - INFO - Cache cleanup: removed 0 items, memory change: 0.00 MB
18:51:20 - INFO - Top 10 memory allocations:
18:51:20 - INFO -   <__array_function__ internals>:200: size=701 MiB, count=19, average=36.9 MiB
18:51:20 - INFO -   D:\Anaconda\Lib\linecache.py:137: size=477 KiB, count=4775, average=102 B
18:51:20 - INFO -   <frozen ntpath>:723: size=179 KiB, count=1635, average=112 B
18:51:20 - INFO -   <frozen ntpath>:66: size=167 KiB, count=1650, average=104 B
18:51:20 - INFO -   <frozen ntpath>:720: size=166 KiB, count=1635, average=104 B
18:51:20 - INFO -   D:\Anaconda\Lib\inspect.py:1000: size=101 KiB, count=1, average=101 KiB
18:51:20 - INFO -   D:\Anaconda\Lib\site-packages\streamlit\watcher\local_sources_watcher.py:176: size=64.2 KiB, count=2, average=32.1 KiB
18:51:20 - INFO -   <frozen abc>:123: size=55.6 KiB, count=723, average=79 B
18:51:20 - INFO -   D:\Anaconda\Lib\inspect.py:997: size=50.7 KiB, count=1, average=50.7 KiB
18:51:20 - INFO -   D:\Anaconda\Lib\copyreg.py:105: size=40.4 KiB, count=322, average=128 B
18:51:22 - INFO - Cache cleanup: removed 0 items, memory change: 0.00 MB
18:54:05 - INFO - Memory changes during cleanup:
18:54:05 - INFO - <frozen abc>:123: size=88.0 KiB (+33.5 KiB), count=895 (+189), average=101 B
18:54:05 - INFO - D:\Anaconda\Lib\site-packages\streamlit\runtime\state\session_state_proxy.py:63: size=680 B (+680 B), count=5 (+5), average=136 B
18:54:05 - INFO - <string>:7: size=304 B (+304 B), count=2 (+2), average=152 B
18:54:05 - INFO - Memory after cleanup:
18:54:05 - INFO -   RSS: 961.4 MB
18:54:05 - INFO -   VMS: 948.3 MB
18:54:05 - INFO -   Percent: 5.9%
18:54:13 - INFO - Memory changes during cleanup:
18:54:13 - INFO - D:\Anaconda\Lib\tracemalloc.py:558: size=2848 B (+2792 B), count=52 (+51), average=55 B
18:54:13 - INFO - D:\Anaconda\Lib\email\message.py:511: size=0 B (-1848 B), count=0 (-33)
18:54:13 - INFO - D:\Anaconda\Lib\weakref.py:637: size=0 B (-448 B), count=0 (-8)
