17:25:49 - INFO - Application starting with enhanced logging
17:25:49 - INFO - Memory before creating labeler: 364.4 MB
17:25:49 - INFO - Memory after creating labeler: 364.4 MB
17:26:10 - INFO - Application starting with enhanced logging
17:26:10 - INFO - Memory before creating labeler: 377.6 MB
17:26:10 - INFO - Memory after creating labeler: 377.6 MB
17:26:54 - INFO - Memory changes during image rendering:
17:26:54 - INFO - D:\Anaconda\Lib\site-packages\matplotlib\cbook\__init__.py:714: size=64.1 KiB (+64.1 KiB), count=2 (+2), average=32.0 KiB
17:26:54 - INFO - D:\Anaconda\Lib\site-packages\matplotlib\transforms.py:209: size=53.8 KiB (+53.8 KiB), count=708 (+707), average=78 B
17:26:54 - INFO - D:\Anaconda\Lib\site-packages\matplotlib\text.py:997: size=29.4 KiB (+29.4 KiB), count=38 (+38), average=792 B
17:27:39 - INFO - Application starting with enhanced logging
17:27:39 - INFO - Memory before creating labeler: 413.6 MB
17:27:39 - INFO - Memory after creating labeler: 413.6 MB
17:28:27 - INFO - Application starting with enhanced logging
17:28:27 - INFO - Memory before creating labeler: 439.4 MB
17:28:27 - INFO - Memory after creating labeler: 439.4 MB
17:30:19 - INFO - Memory changes during image rendering:
17:30:19 - INFO - D:\Anaconda\Lib\tracemalloc.py:505: size=2099 KiB (+701 KiB), count=25217 (+10186), average=85 B
17:30:19 - INFO - D:\Anaconda\Lib\tracemalloc.py:498: size=1182 KiB (+477 KiB), count=25214 (+10184), average=48 B
17:30:19 - INFO - D:\Anaconda\Lib\tracemalloc.py:193: size=1182 KiB (+477 KiB), count=25214 (+10184), average=48 B
17:30:38 - INFO - Memory changes during cleanup:
17:30:38 - INFO - D:\Anaconda\Lib\tracemalloc.py:560: size=88 B (+88 B), count=2 (+2), average=44 B
17:30:38 - INFO - D:\Anaconda\Lib\tracemalloc.py:423: size=80 B (+80 B), count=2 (+2), average=40 B
17:30:38 - INFO - C:\Users\user\Desktop\Labels-Local\app.py:755: size=72 B (+72 B), count=2 (+2), average=36 B
