18:07:10 - INFO - Top 10 memory allocations:
18:07:10 - INFO -   <__array_function__ internals>:200: size=117 MiB, count=6, average=19.5 MiB
18:07:10 - INFO -   <frozen importlib._bootstrap_external>:729: size=18.8 MiB, count=122589, average=161 B
18:07:10 - INFO -   D:\Anaconda\Lib\json\decoder.py:353: size=3953 KiB, count=38614, average=105 B
18:07:10 - INFO -   <frozen importlib._bootstrap>:241: size=2680 KiB, count=25311, average=108 B
18:07:10 - INFO -   D:\Anaconda\Lib\site-packages\altair\utils\core.py:733: size=1699 KiB, count=72, average=23.6 KiB
18:07:10 - INFO -   C:\Users\user\Desktop\Labels-Local\app.py:224: size=515 KiB, count=5735, average=92 B
18:07:10 - INFO -   D:\Anaconda\Lib\linecache.py:137: size=473 KiB, count=4734, average=102 B
18:07:10 - INFO -   D:\Anaconda\Lib\re\__init__.py:185: size=339 KiB, count=227, average=1531 B
18:07:10 - INFO -   D:\Anaconda\Lib\site-packages\pandas\util\_decorators.py:380: size=323 KiB, count=322, average=1029 B
18:07:10 - INFO -   <frozen abc>:106: size=296 KiB, count=1018, average=298 B
18:08:25 - INFO - Memory after creating labeler:
18:08:25 - INFO -   RSS: 468.7 MB
18:08:25 - INFO -   VMS: 454.4 MB
18:08:25 - INFO -   Percent: 2.9%
18:09:15 - INFO - Top 10 memory allocations:
18:09:15 - INFO -   <__array_function__ internals>:200: size=117 MiB, count=5, average=23.4 MiB
18:09:15 - INFO -   <frozen importlib._bootstrap_external>:729: size=18.8 MiB, count=122589, average=161 B
18:09:15 - INFO -   D:\Anaconda\Lib\json\decoder.py:353: size=3953 KiB, count=38614, average=105 B
18:09:15 - INFO -   <frozen importlib._bootstrap>:241: size=2679 KiB, count=25307, average=108 B
18:09:15 - INFO -   D:\Anaconda\Lib\site-packages\altair\utils\core.py:733: size=1699 KiB, count=72, average=23.6 KiB
18:09:15 - INFO -   C:\Users\user\Desktop\Labels-Local\app.py:224: size=514 KiB, count=5729, average=92 B
18:09:15 - INFO -   D:\Anaconda\Lib\linecache.py:137: size=473 KiB, count=4734, average=102 B
18:09:15 - INFO -   D:\Anaconda\Lib\re\__init__.py:185: size=339 KiB, count=227, average=1531 B
18:09:15 - INFO -   D:\Anaconda\Lib\site-packages\pandas\util\_decorators.py:380: size=323 KiB, count=322, average=1029 B
18:09:15 - INFO -   <frozen abc>:106: size=296 KiB, count=1018, average=298 B
18:10:34 - INFO - Memory after creating labeler:
18:10:34 - INFO -   RSS: 527.0 MB
18:10:34 - INFO -   VMS: 513.3 MB
18:10:34 - INFO -   Percent: 3.2%
18:11:28 - INFO - Application starting with enhanced logging
18:11:28 - INFO - Memory before creating labeler:
18:11:28 - INFO -   RSS: 505.2 MB
18:11:28 - INFO -   VMS: 491.1 MB
18:11:28 - INFO -   Percent: 3.1%
18:12:54 - INFO - Cache cleanup: removed 0 items, memory change: 0.00 MB
18:14:05 - INFO - Memory changes during image rendering:
18:14:05 - INFO - D:\Anaconda\Lib\site-packages\streamlit\elements\image.py:279: size=90.8 KiB (+90.8 KiB), count=1 (+1), average=90.8 KiB
18:14:05 - INFO - D:\Anaconda\Lib\site-packages\matplotlib\cbook\__init__.py:714: size=64.1 KiB (+64.1 KiB), count=2 (+2), average=32.0 KiB
18:14:05 - INFO - D:\Anaconda\Lib\site-packages\matplotlib\transforms.py:209: size=53.8 KiB (+53.7 KiB), count=707 (+706), average=78 B
