18:09:38 - INFO - Application starting with enhanced logging
18:09:38 - INFO - Memory before creating labeler:
18:09:38 - INFO -   RSS: 468.5 MB
18:09:38 - INFO -   VMS: 454.0 MB
18:09:38 - INFO -   Percent: 2.9%
18:09:44 - INFO - Cache cleanup: removed 0 items, memory change: 0.00 MB
18:10:53 - INFO - Top 10 memory allocations:
18:10:53 - INFO -   <__array_function__ internals>:200: size=117 MiB, count=6, average=19.5 MiB
18:10:53 - INFO -   <frozen importlib._bootstrap_external>:729: size=18.8 MiB, count=122589, average=161 B
18:10:53 - INFO -   D:\Anaconda\Lib\json\decoder.py:353: size=3971 KiB, count=38809, average=105 B
18:10:53 - INFO -   <frozen importlib._bootstrap>:241: size=2679 KiB, count=25307, average=108 B
18:10:53 - INFO -   D:\Anaconda\Lib\site-packages\altair\utils\core.py:733: size=1699 KiB, count=72, average=23.6 KiB
18:10:53 - INFO -   C:\Users\user\Desktop\Labels-Local\app.py:809: size=659 KiB, count=7363, average=92 B
18:10:53 - INFO -   C:\Users\user\Desktop\Labels-Local\app.py:224: size=514 KiB, count=5729, average=92 B
18:10:53 - INFO -   D:\Anaconda\Lib\linecache.py:137: size=473 KiB, count=4734, average=102 B
18:10:53 - INFO -   D:\Anaconda\Lib\re\__init__.py:185: size=339 KiB, count=227, average=1531 B
18:10:53 - INFO -   D:\Anaconda\Lib\site-packages\pandas\util\_decorators.py:380: size=323 KiB, count=322, average=1029 B
18:12:34 - INFO - Memory after creating labeler:
18:12:34 - INFO -   RSS: 505.3 MB
18:12:34 - INFO -   VMS: 491.3 MB
18:12:34 - INFO -   Percent: 3.1%
18:13:36 - INFO - Cache cleanup: removed 0 items, memory change: 0.00 MB
