18:43:06 - INFO - Top 10 memory allocations:
18:43:06 - INFO -   <__array_function__ internals>:200: size=234 MiB, count=7, average=33.4 MiB
18:43:06 - INFO -   D:\Anaconda\Lib\linecache.py:137: size=476 KiB, count=4762, average=102 B
18:43:06 - INFO -   <frozen ntpath>:723: size=179 KiB, count=1635, average=112 B
18:43:06 - INFO -   <frozen ntpath>:66: size=167 KiB, count=1650, average=104 B
18:43:06 - INFO -   <frozen ntpath>:720: size=166 KiB, count=1635, average=104 B
18:43:06 - INFO -   D:\Anaconda\Lib\selectors.py:314: size=144 KiB, count=4, average=36.0 KiB
18:43:06 - INFO -   D:\Anaconda\Lib\inspect.py:1000: size=101 KiB, count=1, average=101 KiB
18:43:06 - INFO -   D:\Anaconda\Lib\ctypes\__init__.py:64: size=62.6 KiB, count=2, average=31.3 KiB
18:43:06 - INFO -   <frozen abc>:123: size=56.0 KiB, count=729, average=79 B
18:43:06 - INFO -   D:\Anaconda\Lib\inspect.py:997: size=50.7 KiB, count=1, average=50.7 KiB
18:43:09 - INFO - Application starting with enhanced logging
18:43:10 - INFO - Top 10 memory allocations:
18:43:10 - INFO -   <__array_function__ internals>:200: size=234 MiB, count=7, average=33.4 MiB
18:43:10 - INFO -   D:\Anaconda\Lib\linecache.py:137: size=476 KiB, count=4762, average=102 B
18:43:10 - INFO -   <frozen ntpath>:723: size=179 KiB, count=1635, average=112 B
18:43:10 - INFO -   <frozen ntpath>:66: size=167 KiB, count=1650, average=104 B
18:43:10 - INFO -   <frozen ntpath>:720: size=166 KiB, count=1635, average=104 B
18:43:10 - INFO -   D:\Anaconda\Lib\inspect.py:1000: size=101 KiB, count=1, average=101 KiB
18:43:10 - INFO -   D:\Anaconda\Lib\site-packages\streamlit\watcher\local_sources_watcher.py:176: size=64.2 KiB, count=2, average=32.1 KiB
18:43:10 - INFO -   D:\Anaconda\Lib\ctypes\__init__.py:64: size=62.6 KiB, count=2, average=31.3 KiB
18:43:10 - INFO -   <frozen abc>:123: size=55.8 KiB, count=727, average=79 B
18:43:10 - INFO -   D:\Anaconda\Lib\inspect.py:997: size=50.7 KiB, count=1, average=50.7 KiB
18:43:10 - INFO - Cache cleanup: removed 0 items, memory change: 0.00 MB
