18:49:53 - INFO - Application starting with enhanced logging
18:49:54 - INFO - Memory before creating labeler:
18:49:54 - INFO -   RSS: 249.8 MB
18:49:54 - INFO -   VMS: 230.8 MB
18:49:54 - INFO -   Percent: 1.5%
18:49:54 - INFO - Top 10 memory allocations:
18:49:54 - INFO -   <__array_function__ internals>:200: size=117 MiB, count=4, average=29.2 MiB
18:49:54 - INFO -   D:\Anaconda\Lib\linecache.py:137: size=466 KiB, count=4666, average=102 B
18:49:54 - INFO -   <frozen ntpath>:723: size=179 KiB, count=1635, average=112 B
18:49:54 - INFO -   <frozen ntpath>:720: size=166 KiB, count=1635, average=104 B
18:49:54 - INFO -   <frozen ntpath>:66: size=166 KiB, count=1635, average=104 B
18:49:54 - INFO -   D:\Anaconda\Lib\selectors.py:314: size=144 KiB, count=6, average=24.0 KiB
18:49:54 - INFO -   D:\Anaconda\Lib\inspect.py:1000: size=101 KiB, count=1, average=101 KiB
18:49:54 - INFO -   D:\Anaconda\Lib\inspect.py:997: size=50.7 KiB, count=1, average=50.7 KiB
18:49:54 - INFO -   <frozen abc>:123: size=16.7 KiB, count=216, average=79 B
18:49:54 - INFO -   <frozen importlib._bootstrap_external>:729: size=8782 B, count=51, average=172 B
18:49:56 - INFO - Application starting with enhanced logging
18:49:58 - INFO - Cache cleanup: removed 0 items, memory change: 0.00 MB
18:50:02 - INFO - Cache cleanup: removed 0 items, memory change: 0.00 MB
18:50:09 - INFO - Cache cleanup: removed 0 items, memory change: 0.00 MB
18:50:16 - INFO - Cache cleanup: removed 0 items, memory change: 0.00 MB
18:51:20 - INFO - Application starting with enhanced logging
18:54:05 - INFO - Top 10 memory allocations:
18:54:05 - INFO -   <__array_function__ internals>:200: size=818 MiB, count=22, average=37.2 MiB
18:54:05 - INFO -   D:\Anaconda\Lib\linecache.py:137: size=477 KiB, count=4775, average=102 B
18:54:05 - INFO -   <frozen ntpath>:723: size=179 KiB, count=1635, average=112 B
18:54:05 - INFO -   <frozen ntpath>:66: size=167 KiB, count=1650, average=104 B
18:54:05 - INFO -   <frozen ntpath>:720: size=166 KiB, count=1635, average=104 B
18:54:05 - INFO -   D:\Anaconda\Lib\inspect.py:1000: size=101 KiB, count=1, average=101 KiB
18:54:05 - INFO -   D:\Anaconda\Lib\tracemalloc.py:193: size=88.6 KiB, count=1890, average=48 B
18:54:05 - INFO -   <frozen abc>:123: size=88.0 KiB, count=894, average=101 B
18:54:05 - INFO -   D:\Anaconda\Lib\tracemalloc.py:115: size=74.3 KiB, count=951, average=80 B
18:54:05 - INFO -   D:\Anaconda\Lib\tracemalloc.py:125: size=66.2 KiB, count=942, average=72 B
