17:59:44 - INFO - Cache cleanup: removed 0 items, memory change: 0.00 MB
18:00:19 - INFO - Cache cleanup: removed 0 items, memory change: 0.00 MB
18:00:28 - INFO - Cache cleanup: removed 0 items, memory change: 0.00 MB
18:03:59 - INFO - Application starting with enhanced logging
18:03:59 - INFO - Memory before creating labeler:
18:03:59 - INFO -   RSS: 463.1 MB
18:03:59 - INFO -   VMS: 447.6 MB
18:03:59 - INFO -   Percent: 2.8%
18:06:05 - INFO - Application starting with enhanced logging
18:10:30 - INFO - Cache cleanup: removed 0 items, memory change: 0.00 MB
18:10:45 - INFO - D:\Anaconda\Lib\site-packages\matplotlib\cbook\__init__.py:714: size=64.1 KiB (+64.1 KiB), count=2 (+2), average=32.0 KiB
18:10:45 - INFO - D:\Anaconda\Lib\site-packages\streamlit\elements\image.py:279: size=59.2 KiB (+59.2 KiB), count=1 (+1), average=59.2 KiB
18:10:45 - INFO - D:\Anaconda\Lib\site-packages\matplotlib\transforms.py:209: size=53.8 KiB (+53.8 KiB), count=708 (+707), average=78 B
18:10:56 - INFO - Application starting with enhanced logging
18:10:56 - INFO - Memory before creating labeler:
18:10:56 - INFO -   RSS: 505.5 MB
18:10:56 - INFO -   VMS: 491.4 MB
18:10:56 - INFO -   Percent: 3.1%
18:17:13 - INFO - Memory changes during cleanup:
18:17:13 - INFO - <frozen genericpath>:42: size=0 B (-200 B), count=0 (-4)
18:17:13 - INFO - D:\Anaconda\Lib\tracemalloc.py:558: size=216 B (+160 B), count=4 (+3), average=54 B
18:17:13 - INFO - <frozen ntpath>:145: size=0 B (-112 B), count=0 (-1)
18:17:13 - INFO - Memory after cleanup:
18:17:13 - INFO -   RSS: 536.9 MB
18:17:13 - INFO -   VMS: 522.5 MB
18:17:13 - INFO -   Percent: 3.3%
18:17:27 - INFO - Top 10 memory allocations:
18:17:27 - INFO -   <__array_function__ internals>:200: size=117 MiB, count=6, average=19.5 MiB
18:17:27 - INFO -   <frozen importlib._bootstrap_external>:729: size=18.8 MiB, count=122589, average=161 B
18:17:27 - INFO -   D:\Anaconda\Lib\json\decoder.py:353: size=3652 KiB, count=34377, average=109 B
18:17:27 - INFO -   <frozen importlib._bootstrap>:241: size=2679 KiB, count=25305, average=108 B
18:17:27 - INFO -   D:\Anaconda\Lib\site-packages\altair\utils\core.py:733: size=1699 KiB, count=72, average=23.6 KiB
18:17:27 - INFO -   D:\Anaconda\Lib\tracemalloc.py:125: size=1462 KiB, count=20795, average=72 B
18:17:27 - INFO -   D:\Anaconda\Lib\tracemalloc.py:193: size=1069 KiB, count=22808, average=48 B
18:17:27 - INFO -   D:\Anaconda\Lib\tracemalloc.py:498: size=976 KiB, count=20815, average=48 B
18:17:27 - INFO -   D:\Anaconda\Lib\linecache.py:137: size=473 KiB, count=4734, average=102 B
18:17:27 - INFO -   D:\Anaconda\Lib\re\__init__.py:185: size=339 KiB, count=227, average=1531 B
