18:06:54 - INFO - Memory changes during image rendering:
18:06:54 - INFO - D:\Anaconda\Lib\site-packages\matplotlib\cbook\__init__.py:714: size=64.1 KiB (+64.1 KiB), count=2 (+2), average=32.0 KiB
18:06:54 - INFO - D:\Anaconda\Lib\site-packages\matplotlib\transforms.py:209: size=53.9 KiB (+53.8 KiB), count=709 (+708), average=78 B
18:06:54 - INFO - D:\Anaconda\Lib\site-packages\matplotlib\text.py:997: size=29.4 KiB (+29.4 KiB), count=38 (+38), average=792 B
18:09:40 - INFO - Top 10 memory allocations:
18:09:40 - INFO -   <__array_function__ internals>:200: size=117 MiB, count=6, average=19.5 MiB
18:09:40 - INFO -   <frozen importlib._bootstrap_external>:729: size=18.8 MiB, count=122589, average=161 B
18:09:40 - INFO -   D:\Anaconda\Lib\json\decoder.py:353: size=3953 KiB, count=38614, average=105 B
18:09:40 - INFO -   <frozen importlib._bootstrap>:241: size=2679 KiB, count=25307, average=108 B
18:09:40 - INFO -   D:\Anaconda\Lib\site-packages\altair\utils\core.py:733: size=1699 KiB, count=72, average=23.6 KiB
18:09:40 - INFO -   C:\Users\user\Desktop\Labels-Local\app.py:224: size=514 KiB, count=5729, average=92 B
18:09:40 - INFO -   D:\Anaconda\Lib\linecache.py:137: size=473 KiB, count=4734, average=102 B
18:09:40 - INFO -   D:\Anaconda\Lib\re\__init__.py:185: size=339 KiB, count=227, average=1531 B
18:09:40 - INFO -   D:\Anaconda\Lib\site-packages\pandas\util\_decorators.py:380: size=323 KiB, count=322, average=1029 B
18:09:40 - INFO -   <frozen abc>:106: size=296 KiB, count=1018, average=298 B
18:10:32 - INFO - Application starting with enhanced logging
18:10:32 - INFO - Memory before creating labeler:
18:10:32 - INFO -   RSS: 512.0 MB
18:10:32 - INFO -   VMS: 498.1 MB
18:10:32 - INFO -   Percent: 3.1%
18:14:15 - INFO - Cache cleanup: removed 0 items, memory change: 0.00 MB
