17:59:40 - INFO - Top 10 memory allocations:
17:59:40 - INFO -   <__array_function__ internals>:200: size=117 MiB, count=6, average=19.5 MiB
17:59:40 - INFO -   <frozen importlib._bootstrap_external>:729: size=18.8 MiB, count=122589, average=161 B
17:59:40 - INFO -   D:\Anaconda\Lib\json\decoder.py:353: size=3957 KiB, count=38642, average=105 B
17:59:40 - INFO -   <frozen importlib._bootstrap>:241: size=2680 KiB, count=25320, average=108 B
17:59:40 - INFO -   D:\Anaconda\Lib\site-packages\altair\utils\core.py:733: size=1699 KiB, count=72, average=23.6 KiB
17:59:40 - INFO -   C:\Users\user\Desktop\Labels-Local\app.py:224: size=515 KiB, count=5739, average=92 B
17:59:40 - INFO -   D:\Anaconda\Lib\linecache.py:137: size=473 KiB, count=4734, average=102 B
17:59:40 - INFO -   D:\Anaconda\Lib\re\__init__.py:185: size=339 KiB, count=227, average=1531 B
17:59:40 - INFO -   D:\Anaconda\Lib\site-packages\pandas\util\_decorators.py:380: size=323 KiB, count=322, average=1029 B
17:59:40 - INFO -   <frozen abc>:106: size=296 KiB, count=1018, average=298 B
18:06:04 - INFO - Cache cleanup: removed 0 items, memory change: 0.00 MB
18:09:43 - INFO - Cache cleanup: removed 0 items, memory change: 0.00 MB
18:10:17 - INFO - Cache cleanup: removed 0 items, memory change: 0.00 MB
18:12:40 - INFO - Cache cleanup: removed 0 items, memory change: 0.00 MB
18:13:12 - INFO - Cache cleanup: removed 0 items, memory change: 0.00 MB
18:17:16 - INFO - Memory changes during cleanup:
18:17:16 - INFO - D:\Anaconda\Lib\tracemalloc.py:67: size=0 B (-125 KiB), count=0 (-1998)
18:17:16 - INFO - D:\Anaconda\Lib\ctypes\__init__.py:64: size=62.6 KiB (+62.6 KiB), count=2 (+2), average=31.3 KiB
18:17:16 - INFO - D:\Anaconda\Lib\copy.py:280: size=83.9 KiB (-2608 B), count=1342 (-41), average=64 B
