2024-12-02 17:31:49,226 - INFO - Logging initialized. Log file: logs\memory_profile_20241202_173149.log
2024-12-02 17:31:49,228 - INFO - Application starting with file logging enabled
2024-12-02 17:31:49,231 - INFO - Memory usage before creating labeler: 249.77 MB
2024-12-02 17:31:49,296 - INFO - Logging initialized. Log file: logs\memory_profile_20241202_173149.log
2024-12-02 17:31:49,296 - INFO - Logging initialized. Log file: logs\memory_profile_20241202_173149.log
2024-12-02 17:31:49,301 - INFO - Application starting with file logging enabled
2024-12-02 17:31:49,301 - INFO - Application starting with file logging enabled
2024-12-02 17:31:49,306 - INFO - Memory usage before creating labeler: 249.77 MB
2024-12-02 17:31:49,306 - INFO - Memory usage before creating labeler: 249.77 MB
2024-12-02 17:31:49,357 - INFO - Logging initialized. Log file: logs\memory_profile_20241202_173149.log
2024-12-02 17:31:49,357 - INFO - Logging initialized. Log file: logs\memory_profile_20241202_173149.log
2024-12-02 17:31:49,357 - INFO - Logging initialized. Log file: logs\memory_profile_20241202_173149.log
2024-12-02 17:31:49,363 - INFO - Application starting with file logging enabled
2024-12-02 17:31:49,363 - INFO - Application starting with file logging enabled
2024-12-02 17:31:49,363 - INFO - Application starting with file logging enabled
2024-12-02 17:31:49,369 - INFO - Memory usage before creating labeler: 249.78 MB
2024-12-02 17:31:49,369 - INFO - Memory usage before creating labeler: 249.78 MB
2024-12-02 17:31:49,369 - INFO - Memory usage before creating labeler: 249.78 MB
2024-12-02 17:31:49,381 - INFO - Memory usage after creating labeler: 249.79 MB
2024-12-02 17:31:49,381 - INFO - Memory usage after creating labeler: 249.79 MB
2024-12-02 17:31:49,381 - INFO - Memory usage after creating labeler: 249.79 MB
2024-12-02 17:31:49,407 - INFO - Cache cleanup: removed 0 items, memory change: 0.00 MB
2024-12-02 17:31:49,407 - INFO - Cache cleanup: removed 0 items, memory change: 0.00 MB
2024-12-02 17:31:49,407 - INFO - Cache cleanup: removed 0 items, memory change: 0.00 MB
2024-12-02 17:31:50,594 - INFO - Cache cleanup: removed 0 items, memory change: 0.00 MB
2024-12-02 17:31:50,594 - INFO - Cache cleanup: removed 0 items, memory change: 0.00 MB
2024-12-02 17:31:50,594 - INFO - Cache cleanup: removed 0 items, memory change: 0.00 MB
2024-12-02 17:31:51,139 - INFO - Cache cleanup: removed 0 items, memory change: 0.00 MB
2024-12-02 17:31:51,139 - INFO - Cache cleanup: removed 0 items, memory change: 0.00 MB
2024-12-02 17:31:51,139 - INFO - Cache cleanup: removed 0 items, memory change: 0.00 MB
2024-12-02 17:31:51,396 - INFO - Cache cleanup: removed 0 items, memory change: 0.00 MB
2024-12-02 17:31:51,396 - INFO - Cache cleanup: removed 0 items, memory change: 0.00 MB
2024-12-02 17:31:51,396 - INFO - Cache cleanup: removed 0 items, memory change: 0.00 MB
2024-12-02 17:31:51,652 - INFO - Cache cleanup: removed 0 items, memory change: 0.00 MB
2024-12-02 17:31:51,652 - INFO - Cache cleanup: removed 0 items, memory change: 0.00 MB
2024-12-02 17:31:51,652 - INFO - Cache cleanup: removed 0 items, memory change: 0.00 MB
2024-12-02 17:31:53,001 - INFO - Logging initialized. Log file: logs\memory_profile_20241202_173153.log
2024-12-02 17:31:53,001 - INFO - Logging initialized. Log file: logs\memory_profile_20241202_173153.log
2024-12-02 17:31:53,001 - INFO - Logging initialized. Log file: logs\memory_profile_20241202_173153.log
2024-12-02 17:31:53,005 - INFO - Application starting with file logging enabled
2024-12-02 17:31:53,005 - INFO - Application starting with file logging enabled
2024-12-02 17:31:53,005 - INFO - Application starting with file logging enabled
2024-12-02 17:31:53,013 - INFO - Memory usage before creating labeler: 252.86 MB
2024-12-02 17:31:53,013 - INFO - Memory usage before creating labeler: 252.86 MB
2024-12-02 17:31:53,013 - INFO - Memory usage before creating labeler: 252.86 MB
2024-12-02 17:31:53,018 - INFO - Memory usage after creating labeler: 252.86 MB
2024-12-02 17:31:53,018 - INFO - Memory usage after creating labeler: 252.86 MB
2024-12-02 17:31:53,018 - INFO - Memory usage after creating labeler: 252.86 MB
2024-12-02 17:31:53,049 - INFO - Cache cleanup: removed 0 items, memory change: 0.00 MB
2024-12-02 17:31:53,049 - INFO - Cache cleanup: removed 0 items, memory change: 0.00 MB
2024-12-02 17:31:53,049 - INFO - Cache cleanup: removed 0 items, memory change: 0.00 MB
2024-12-02 17:31:54,162 - INFO - Cache cleanup: removed 0 items, memory change: 0.00 MB
2024-12-02 17:31:54,162 - INFO - Cache cleanup: removed 0 items, memory change: 0.00 MB
2024-12-02 17:31:54,162 - INFO - Cache cleanup: removed 0 items, memory change: 0.00 MB
2024-12-02 17:31:54,668 - INFO - Cache cleanup: removed 0 items, memory change: 0.00 MB
2024-12-02 17:31:54,668 - INFO - Cache cleanup: removed 0 items, memory change: 0.00 MB
2024-12-02 17:31:54,668 - INFO - Cache cleanup: removed 0 items, memory change: 0.00 MB
2024-12-02 17:31:55,018 - INFO - Cache cleanup: removed 0 items, memory change: 0.00 MB
2024-12-02 17:31:55,018 - INFO - Cache cleanup: removed 0 items, memory change: 0.00 MB
2024-12-02 17:31:55,018 - INFO - Cache cleanup: removed 0 items, memory change: 0.00 MB
2024-12-02 17:31:55,265 - INFO - Cache cleanup: removed 0 items, memory change: 0.00 MB
2024-12-02 17:31:55,265 - INFO - Cache cleanup: removed 0 items, memory change: 0.00 MB
2024-12-02 17:31:55,265 - INFO - Cache cleanup: removed 0 items, memory change: 0.00 MB
2024-12-02 17:31:55,529 - INFO - Cache cleanup: removed 0 items, memory change: 0.00 MB
2024-12-02 17:31:55,529 - INFO - Cache cleanup: removed 0 items, memory change: 0.00 MB
2024-12-02 17:31:55,529 - INFO - Cache cleanup: removed 0 items, memory change: 0.00 MB
2024-12-02 17:31:55,877 - INFO - Logging initialized. Log file: logs\memory_profile_20241202_173155.log
2024-12-02 17:31:55,877 - INFO - Logging initialized. Log file: logs\memory_profile_20241202_173155.log
2024-12-02 17:31:55,877 - INFO - Logging initialized. Log file: logs\memory_profile_20241202_173155.log
2024-12-02 17:31:55,883 - INFO - Application starting with file logging enabled
2024-12-02 17:31:55,883 - INFO - Application starting with file logging enabled
2024-12-02 17:31:55,883 - INFO - Application starting with file logging enabled
2024-12-02 17:31:55,889 - INFO - Memory usage before creating labeler: 255.82 MB
2024-12-02 17:31:55,889 - INFO - Memory usage before creating labeler: 255.82 MB
2024-12-02 17:31:55,889 - INFO - Memory usage before creating labeler: 255.82 MB
2024-12-02 17:31:55,896 - INFO - Memory usage after creating labeler: 255.82 MB
2024-12-02 17:31:55,896 - INFO - Memory usage after creating labeler: 255.82 MB
2024-12-02 17:31:55,896 - INFO - Memory usage after creating labeler: 255.82 MB
2024-12-02 17:31:58,696 - INFO - NumExpr defaulting to 8 threads.
2024-12-02 17:31:58,696 - INFO - NumExpr defaulting to 8 threads.
2024-12-02 17:31:58,696 - INFO - NumExpr defaulting to 8 threads.
2024-12-02 17:32:18,860 - INFO - Memory changes during image rendering:
2024-12-02 17:32:18,860 - INFO - Memory changes during image rendering:
2024-12-02 17:32:18,860 - INFO - Memory changes during image rendering:
2024-12-02 17:32:18,871 - INFO - <frozen importlib._bootstrap_external>:729: size=19.0 MiB (+376 KiB), count=125227 (+2954), average=159 B
2024-12-02 17:32:18,871 - INFO - <frozen importlib._bootstrap_external>:729: size=19.0 MiB (+376 KiB), count=125227 (+2954), average=159 B
2024-12-02 17:32:18,871 - INFO - <frozen importlib._bootstrap_external>:729: size=19.0 MiB (+376 KiB), count=125227 (+2954), average=159 B
2024-12-02 17:32:18,894 - INFO - D:\Anaconda\Lib\site-packages\streamlit\elements\image.py:279: size=94.8 KiB (+94.8 KiB), count=1 (+1), average=94.8 KiB
2024-12-02 17:32:18,894 - INFO - D:\Anaconda\Lib\site-packages\streamlit\elements\image.py:279: size=94.8 KiB (+94.8 KiB), count=1 (+1), average=94.8 KiB
2024-12-02 17:32:18,894 - INFO - D:\Anaconda\Lib\site-packages\streamlit\elements\image.py:279: size=94.8 KiB (+94.8 KiB), count=1 (+1), average=94.8 KiB
2024-12-02 17:32:18,907 - INFO - D:\Anaconda\Lib\tracemalloc.py:558: size=72.6 KiB (+72.5 KiB), count=1326 (+1325), average=56 B
2024-12-02 17:32:18,907 - INFO - D:\Anaconda\Lib\tracemalloc.py:558: size=72.6 KiB (+72.5 KiB), count=1326 (+1325), average=56 B
2024-12-02 17:32:18,907 - INFO - D:\Anaconda\Lib\tracemalloc.py:558: size=72.6 KiB (+72.5 KiB), count=1326 (+1325), average=56 B
2024-12-02 17:32:21,489 - INFO - Logging initialized. Log file: logs\memory_profile_20241202_173221.log
2024-12-02 17:32:21,489 - INFO - Logging initialized. Log file: logs\memory_profile_20241202_173221.log
2024-12-02 17:32:21,489 - INFO - Logging initialized. Log file: logs\memory_profile_20241202_173221.log
2024-12-02 17:32:21,494 - INFO - Application starting with file logging enabled
2024-12-02 17:32:21,494 - INFO - Application starting with file logging enabled
2024-12-02 17:32:21,494 - INFO - Application starting with file logging enabled
2024-12-02 17:32:21,502 - INFO - Memory usage before creating labeler: 363.50 MB
2024-12-02 17:32:21,502 - INFO - Memory usage before creating labeler: 363.50 MB
2024-12-02 17:32:21,502 - INFO - Memory usage before creating labeler: 363.50 MB
2024-12-02 17:32:21,509 - INFO - Memory usage after creating labeler: 363.50 MB
2024-12-02 17:32:21,509 - INFO - Memory usage after creating labeler: 363.50 MB
2024-12-02 17:32:21,509 - INFO - Memory usage after creating labeler: 363.50 MB
2024-12-02 17:32:41,207 - INFO - Memory changes during image rendering:
2024-12-02 17:32:41,207 - INFO - Memory changes during image rendering:
2024-12-02 17:32:41,207 - INFO - Memory changes during image rendering:
2024-12-02 17:32:41,216 - INFO - D:\Anaconda\Lib\site-packages\matplotlib\cbook\__init__.py:714: size=64.1 KiB (+64.1 KiB), count=2 (+2), average=32.0 KiB
2024-12-02 17:32:41,216 - INFO - D:\Anaconda\Lib\site-packages\matplotlib\cbook\__init__.py:714: size=64.1 KiB (+64.1 KiB), count=2 (+2), average=32.0 KiB
2024-12-02 17:32:41,216 - INFO - D:\Anaconda\Lib\site-packages\matplotlib\cbook\__init__.py:714: size=64.1 KiB (+64.1 KiB), count=2 (+2), average=32.0 KiB
2024-12-02 17:32:41,231 - INFO - D:\Anaconda\Lib\site-packages\matplotlib\transforms.py:209: size=53.8 KiB (+53.7 KiB), count=707 (+706), average=78 B
2024-12-02 17:32:41,231 - INFO - D:\Anaconda\Lib\site-packages\matplotlib\transforms.py:209: size=53.8 KiB (+53.7 KiB), count=707 (+706), average=78 B
2024-12-02 17:32:41,231 - INFO - D:\Anaconda\Lib\site-packages\matplotlib\transforms.py:209: size=53.8 KiB (+53.7 KiB), count=707 (+706), average=78 B
2024-12-02 17:32:41,245 - INFO - D:\Anaconda\Lib\site-packages\matplotlib\text.py:997: size=29.4 KiB (+29.4 KiB), count=38 (+38), average=792 B
2024-12-02 17:32:41,245 - INFO - D:\Anaconda\Lib\site-packages\matplotlib\text.py:997: size=29.4 KiB (+29.4 KiB), count=38 (+38), average=792 B
2024-12-02 17:32:41,245 - INFO - D:\Anaconda\Lib\site-packages\matplotlib\text.py:997: size=29.4 KiB (+29.4 KiB), count=38 (+38), average=792 B
2024-12-02 17:32:42,837 - INFO - Logging initialized. Log file: logs\memory_profile_20241202_173242.log
2024-12-02 17:32:42,837 - INFO - Logging initialized. Log file: logs\memory_profile_20241202_173242.log
2024-12-02 17:32:42,837 - INFO - Logging initialized. Log file: logs\memory_profile_20241202_173242.log
2024-12-02 17:32:42,846 - INFO - Application starting with file logging enabled
2024-12-02 17:32:42,846 - INFO - Application starting with file logging enabled
2024-12-02 17:32:42,846 - INFO - Application starting with file logging enabled
2024-12-02 17:32:42,856 - INFO - Memory usage before creating labeler: 369.86 MB
2024-12-02 17:32:42,856 - INFO - Memory usage before creating labeler: 369.86 MB
2024-12-02 17:32:42,856 - INFO - Memory usage before creating labeler: 369.86 MB
2024-12-02 17:32:42,864 - INFO - Memory usage after creating labeler: 369.86 MB
2024-12-02 17:32:42,864 - INFO - Memory usage after creating labeler: 369.86 MB
2024-12-02 17:32:42,864 - INFO - Memory usage after creating labeler: 369.86 MB
2024-12-02 17:33:02,928 - INFO - Memory changes during image rendering:
2024-12-02 17:33:02,928 - INFO - Memory changes during image rendering:
2024-12-02 17:33:02,928 - INFO - Memory changes during image rendering:
2024-12-02 17:33:02,939 - INFO - D:\Anaconda\Lib\site-packages\matplotlib\cbook\__init__.py:714: size=64.1 KiB (+64.1 KiB), count=2 (+2), average=32.0 KiB
2024-12-02 17:33:02,939 - INFO - D:\Anaconda\Lib\site-packages\matplotlib\cbook\__init__.py:714: size=64.1 KiB (+64.1 KiB), count=2 (+2), average=32.0 KiB
2024-12-02 17:33:02,939 - INFO - D:\Anaconda\Lib\site-packages\matplotlib\cbook\__init__.py:714: size=64.1 KiB (+64.1 KiB), count=2 (+2), average=32.0 KiB
2024-12-02 17:33:02,957 - INFO - D:\Anaconda\Lib\site-packages\matplotlib\transforms.py:209: size=53.8 KiB (+53.8 KiB), count=708 (+707), average=78 B
2024-12-02 17:33:02,957 - INFO - D:\Anaconda\Lib\site-packages\matplotlib\transforms.py:209: size=53.8 KiB (+53.8 KiB), count=708 (+707), average=78 B
2024-12-02 17:33:02,957 - INFO - D:\Anaconda\Lib\site-packages\matplotlib\transforms.py:209: size=53.8 KiB (+53.8 KiB), count=708 (+707), average=78 B
2024-12-02 17:33:02,975 - INFO - D:\Anaconda\Lib\site-packages\matplotlib\text.py:997: size=29.4 KiB (+29.4 KiB), count=38 (+38), average=792 B
2024-12-02 17:33:02,975 - INFO - D:\Anaconda\Lib\site-packages\matplotlib\text.py:997: size=29.4 KiB (+29.4 KiB), count=38 (+38), average=792 B
2024-12-02 17:33:02,975 - INFO - D:\Anaconda\Lib\site-packages\matplotlib\text.py:997: size=29.4 KiB (+29.4 KiB), count=38 (+38), average=792 B
2024-12-02 17:33:03,373 - INFO - Logging initialized. Log file: logs\memory_profile_20241202_173303.log
2024-12-02 17:33:03,373 - INFO - Logging initialized. Log file: logs\memory_profile_20241202_173303.log
2024-12-02 17:33:03,373 - INFO - Logging initialized. Log file: logs\memory_profile_20241202_173303.log
2024-12-02 17:33:03,382 - INFO - Application starting with file logging enabled
2024-12-02 17:33:03,382 - INFO - Application starting with file logging enabled
2024-12-02 17:33:03,382 - INFO - Application starting with file logging enabled
2024-12-02 17:33:03,391 - INFO - Memory usage before creating labeler: 386.60 MB
2024-12-02 17:33:03,391 - INFO - Memory usage before creating labeler: 386.60 MB
2024-12-02 17:33:03,391 - INFO - Memory usage before creating labeler: 386.60 MB
2024-12-02 17:33:03,405 - INFO - Memory usage after creating labeler: 386.60 MB
2024-12-02 17:33:03,405 - INFO - Memory usage after creating labeler: 386.60 MB
2024-12-02 17:33:03,405 - INFO - Memory usage after creating labeler: 386.60 MB
2024-12-02 17:33:06,763 - INFO - Logging initialized. Log file: logs\memory_profile_20241202_173306.log
2024-12-02 17:33:06,763 - INFO - Logging initialized. Log file: logs\memory_profile_20241202_173306.log
2024-12-02 17:33:06,763 - INFO - Logging initialized. Log file: logs\memory_profile_20241202_173306.log
2024-12-02 17:33:07,691 - INFO - Application starting with file logging enabled
2024-12-02 17:33:07,691 - INFO - Application starting with file logging enabled
2024-12-02 17:33:07,691 - INFO - Application starting with file logging enabled
2024-12-02 17:33:08,691 - INFO - Memory usage before creating labeler: 429.52 MB
2024-12-02 17:33:08,691 - INFO - Memory usage before creating labeler: 429.52 MB
2024-12-02 17:33:08,691 - INFO - Memory usage before creating labeler: 429.52 MB
2024-12-02 17:33:09,809 - INFO - Memory usage after creating labeler: 429.95 MB
2024-12-02 17:33:09,809 - INFO - Memory usage after creating labeler: 429.95 MB
2024-12-02 17:33:09,809 - INFO - Memory usage after creating labeler: 429.95 MB
2024-12-02 17:33:10,957 - INFO - Cache cleanup: removed 0 items, memory change: 0.00 MB
2024-12-02 17:33:10,957 - INFO - Cache cleanup: removed 0 items, memory change: 0.00 MB
2024-12-02 17:33:10,957 - INFO - Cache cleanup: removed 0 items, memory change: 0.00 MB
2024-12-02 17:33:14,607 - INFO - Cache cleanup: removed 0 items, memory change: 0.00 MB
2024-12-02 17:33:14,607 - INFO - Cache cleanup: removed 0 items, memory change: 0.00 MB
2024-12-02 17:33:14,607 - INFO - Cache cleanup: removed 0 items, memory change: 0.00 MB
2024-12-02 17:33:16,782 - INFO - Cache cleanup: removed 0 items, memory change: 0.00 MB
2024-12-02 17:33:16,782 - INFO - Cache cleanup: removed 0 items, memory change: 0.00 MB
2024-12-02 17:33:16,782 - INFO - Cache cleanup: removed 0 items, memory change: 0.00 MB
2024-12-02 17:33:19,213 - INFO - Memory after cleanup: 2.7%
2024-12-02 17:33:19,213 - INFO - Memory after cleanup: 2.7%
2024-12-02 17:33:19,213 - INFO - Memory after cleanup: 2.7%
2024-12-02 17:33:21,031 - INFO - Logging initialized. Log file: logs\memory_profile_20241202_173320.log
2024-12-02 17:33:21,031 - INFO - Logging initialized. Log file: logs\memory_profile_20241202_173320.log
2024-12-02 17:33:21,031 - INFO - Logging initialized. Log file: logs\memory_profile_20241202_173320.log
2024-12-02 17:33:22,161 - INFO - Application starting with file logging enabled
2024-12-02 17:33:22,161 - INFO - Application starting with file logging enabled
2024-12-02 17:33:22,161 - INFO - Application starting with file logging enabled
2024-12-02 17:33:23,328 - INFO - Memory usage before creating labeler: 437.71 MB
2024-12-02 17:33:23,328 - INFO - Memory usage before creating labeler: 437.71 MB
2024-12-02 17:33:23,328 - INFO - Memory usage before creating labeler: 437.71 MB
2024-12-02 17:33:24,335 - INFO - Memory usage after creating labeler: 439.19 MB
2024-12-02 17:33:24,335 - INFO - Memory usage after creating labeler: 439.19 MB
2024-12-02 17:33:24,335 - INFO - Memory usage after creating labeler: 439.19 MB
2024-12-02 17:33:25,479 - INFO - Cache cleanup: removed 0 items, memory change: 0.00 MB
2024-12-02 17:33:25,479 - INFO - Cache cleanup: removed 0 items, memory change: 0.00 MB
2024-12-02 17:33:25,479 - INFO - Cache cleanup: removed 0 items, memory change: 0.00 MB
2024-12-02 17:33:25,909 - INFO - Memory changes during image rendering:
2024-12-02 17:33:25,909 - INFO - Memory changes during image rendering:
2024-12-02 17:33:25,909 - INFO - Memory changes during image rendering:
2024-12-02 17:33:25,956 - INFO - D:\Anaconda\Lib\site-packages\streamlit\elements\image.py:279: size=184 KiB (+89.0 KiB), count=2 (+1), average=91.9 KiB
2024-12-02 17:33:25,956 - INFO - D:\Anaconda\Lib\site-packages\streamlit\elements\image.py:279: size=184 KiB (+89.0 KiB), count=2 (+1), average=91.9 KiB
2024-12-02 17:33:25,956 - INFO - D:\Anaconda\Lib\site-packages\streamlit\elements\image.py:279: size=184 KiB (+89.0 KiB), count=2 (+1), average=91.9 KiB
2024-12-02 17:33:25,991 - INFO - D:\Anaconda\Lib\site-packages\matplotlib\cbook\__init__.py:714: size=64.1 KiB (+64.1 KiB), count=2 (+2), average=32.0 KiB
2024-12-02 17:33:25,991 - INFO - D:\Anaconda\Lib\site-packages\matplotlib\cbook\__init__.py:714: size=64.1 KiB (+64.1 KiB), count=2 (+2), average=32.0 KiB
2024-12-02 17:33:25,991 - INFO - D:\Anaconda\Lib\site-packages\matplotlib\cbook\__init__.py:714: size=64.1 KiB (+64.1 KiB), count=2 (+2), average=32.0 KiB
2024-12-02 17:33:26,015 - INFO - D:\Anaconda\Lib\site-packages\matplotlib\transforms.py:209: size=53.9 KiB (+53.8 KiB), count=709 (+708), average=78 B
2024-12-02 17:33:26,015 - INFO - D:\Anaconda\Lib\site-packages\matplotlib\transforms.py:209: size=53.9 KiB (+53.8 KiB), count=709 (+708), average=78 B
2024-12-02 17:33:26,015 - INFO - D:\Anaconda\Lib\site-packages\matplotlib\transforms.py:209: size=53.9 KiB (+53.8 KiB), count=709 (+708), average=78 B
2024-12-02 17:33:27,148 - INFO - Cache cleanup: removed 0 items, memory change: 0.00 MB
2024-12-02 17:33:27,148 - INFO - Cache cleanup: removed 0 items, memory change: 0.00 MB
2024-12-02 17:33:27,148 - INFO - Cache cleanup: removed 0 items, memory change: 0.00 MB
2024-12-02 17:33:27,683 - INFO - Cache cleanup: removed 0 items, memory change: 0.00 MB
2024-12-02 17:33:27,683 - INFO - Cache cleanup: removed 0 items, memory change: 0.00 MB
2024-12-02 17:33:27,683 - INFO - Cache cleanup: removed 0 items, memory change: 0.00 MB
2024-12-02 17:33:27,946 - INFO - Cache cleanup: removed 0 items, memory change: 0.00 MB
2024-12-02 17:33:27,946 - INFO - Cache cleanup: removed 0 items, memory change: 0.00 MB
2024-12-02 17:33:27,946 - INFO - Cache cleanup: removed 0 items, memory change: 0.00 MB
2024-12-02 17:33:28,226 - INFO - Cache cleanup: removed 0 items, memory change: 0.00 MB
2024-12-02 17:33:28,226 - INFO - Cache cleanup: removed 0 items, memory change: 0.00 MB
2024-12-02 17:33:28,226 - INFO - Cache cleanup: removed 0 items, memory change: 0.00 MB
2024-12-02 17:33:36,245 - INFO - Logging initialized. Log file: logs\memory_profile_20241202_173336.log
2024-12-02 17:33:36,245 - INFO - Logging initialized. Log file: logs\memory_profile_20241202_173336.log
2024-12-02 17:33:36,245 - INFO - Logging initialized. Log file: logs\memory_profile_20241202_173336.log
2024-12-02 17:33:36,256 - INFO - Application starting with file logging enabled
2024-12-02 17:33:36,256 - INFO - Application starting with file logging enabled
2024-12-02 17:33:36,256 - INFO - Application starting with file logging enabled
2024-12-02 17:33:36,271 - INFO - Memory usage before creating labeler: 395.83 MB
2024-12-02 17:33:36,271 - INFO - Memory usage before creating labeler: 395.83 MB
2024-12-02 17:33:36,271 - INFO - Memory usage before creating labeler: 395.83 MB
2024-12-02 17:33:36,284 - INFO - Memory usage after creating labeler: 395.83 MB
2024-12-02 17:33:36,284 - INFO - Memory usage after creating labeler: 395.83 MB
2024-12-02 17:33:36,284 - INFO - Memory usage after creating labeler: 395.83 MB
2024-12-02 17:33:36,311 - INFO - Cache cleanup: removed 0 items, memory change: 0.00 MB
2024-12-02 17:33:36,311 - INFO - Cache cleanup: removed 0 items, memory change: 0.00 MB
2024-12-02 17:33:36,311 - INFO - Cache cleanup: removed 0 items, memory change: 0.00 MB
2024-12-02 17:33:37,486 - INFO - Cache cleanup: removed 0 items, memory change: 0.00 MB
2024-12-02 17:33:37,486 - INFO - Cache cleanup: removed 0 items, memory change: 0.00 MB
2024-12-02 17:33:37,486 - INFO - Cache cleanup: removed 0 items, memory change: 0.00 MB
2024-12-02 17:33:38,001 - INFO - Cache cleanup: removed 0 items, memory change: 0.00 MB
2024-12-02 17:33:38,001 - INFO - Cache cleanup: removed 0 items, memory change: 0.00 MB
2024-12-02 17:33:38,001 - INFO - Cache cleanup: removed 0 items, memory change: 0.00 MB
2024-12-02 17:33:38,263 - INFO - Cache cleanup: removed 0 items, memory change: 0.00 MB
2024-12-02 17:33:38,263 - INFO - Cache cleanup: removed 0 items, memory change: 0.00 MB
2024-12-02 17:33:38,263 - INFO - Cache cleanup: removed 0 items, memory change: 0.00 MB
2024-12-02 17:33:38,514 - INFO - Cache cleanup: removed 0 items, memory change: 0.00 MB
2024-12-02 17:33:38,514 - INFO - Cache cleanup: removed 0 items, memory change: 0.00 MB
2024-12-02 17:33:38,514 - INFO - Cache cleanup: removed 0 items, memory change: 0.00 MB
2024-12-02 17:33:38,771 - INFO - Cache cleanup: removed 0 items, memory change: 0.00 MB
2024-12-02 17:33:38,771 - INFO - Cache cleanup: removed 0 items, memory change: 0.00 MB
2024-12-02 17:33:38,771 - INFO - Cache cleanup: removed 0 items, memory change: 0.00 MB
2024-12-02 17:33:39,025 - INFO - Cache cleanup: removed 0 items, memory change: 0.00 MB
2024-12-02 17:33:39,025 - INFO - Cache cleanup: removed 0 items, memory change: 0.00 MB
2024-12-02 17:33:39,025 - INFO - Cache cleanup: removed 0 items, memory change: 0.00 MB
2024-12-02 17:33:39,312 - INFO - Logging initialized. Log file: logs\memory_profile_20241202_173339.log
2024-12-02 17:33:39,312 - INFO - Logging initialized. Log file: logs\memory_profile_20241202_173339.log
2024-12-02 17:33:39,312 - INFO - Logging initialized. Log file: logs\memory_profile_20241202_173339.log
2024-12-02 17:33:39,328 - INFO - Application starting with file logging enabled
2024-12-02 17:33:39,328 - INFO - Application starting with file logging enabled
2024-12-02 17:33:39,328 - INFO - Application starting with file logging enabled
2024-12-02 17:33:39,341 - INFO - Memory usage before creating labeler: 396.07 MB
2024-12-02 17:33:39,341 - INFO - Memory usage before creating labeler: 396.07 MB
2024-12-02 17:33:39,341 - INFO - Memory usage before creating labeler: 396.07 MB
2024-12-02 17:33:39,354 - INFO - Memory usage after creating labeler: 396.07 MB
2024-12-02 17:33:39,354 - INFO - Memory usage after creating labeler: 396.07 MB
2024-12-02 17:33:39,354 - INFO - Memory usage after creating labeler: 396.07 MB
2024-12-02 17:33:59,504 - INFO - Memory changes during image rendering:
2024-12-02 17:33:59,504 - INFO - Memory changes during image rendering:
2024-12-02 17:33:59,504 - INFO - Memory changes during image rendering:
2024-12-02 17:33:59,517 - INFO - D:\Anaconda\Lib\site-packages\streamlit\elements\image.py:279: size=94.5 KiB (+94.5 KiB), count=1 (+1), average=94.5 KiB
2024-12-02 17:33:59,517 - INFO - D:\Anaconda\Lib\site-packages\streamlit\elements\image.py:279: size=94.5 KiB (+94.5 KiB), count=1 (+1), average=94.5 KiB
2024-12-02 17:33:59,517 - INFO - D:\Anaconda\Lib\site-packages\streamlit\elements\image.py:279: size=94.5 KiB (+94.5 KiB), count=1 (+1), average=94.5 KiB
2024-12-02 17:33:59,554 - INFO - D:\Anaconda\Lib\site-packages\matplotlib\cbook\__init__.py:714: size=64.1 KiB (+64.1 KiB), count=2 (+2), average=32.0 KiB
2024-12-02 17:33:59,554 - INFO - D:\Anaconda\Lib\site-packages\matplotlib\cbook\__init__.py:714: size=64.1 KiB (+64.1 KiB), count=2 (+2), average=32.0 KiB
2024-12-02 17:33:59,554 - INFO - D:\Anaconda\Lib\site-packages\matplotlib\cbook\__init__.py:714: size=64.1 KiB (+64.1 KiB), count=2 (+2), average=32.0 KiB
2024-12-02 17:33:59,579 - INFO - D:\Anaconda\Lib\site-packages\matplotlib\transforms.py:209: size=53.8 KiB (+53.7 KiB), count=707 (+706), average=78 B
2024-12-02 17:33:59,579 - INFO - D:\Anaconda\Lib\site-packages\matplotlib\transforms.py:209: size=53.8 KiB (+53.7 KiB), count=707 (+706), average=78 B
2024-12-02 17:33:59,579 - INFO - D:\Anaconda\Lib\site-packages\matplotlib\transforms.py:209: size=53.8 KiB (+53.7 KiB), count=707 (+706), average=78 B
2024-12-02 17:34:31,111 - INFO - Logging initialized. Log file: logs\memory_profile_20241202_173431.log
2024-12-02 17:34:31,111 - INFO - Logging initialized. Log file: logs\memory_profile_20241202_173431.log
2024-12-02 17:34:31,111 - INFO - Logging initialized. Log file: logs\memory_profile_20241202_173431.log
2024-12-02 17:34:31,123 - INFO - Application starting with file logging enabled
2024-12-02 17:34:31,123 - INFO - Application starting with file logging enabled
2024-12-02 17:34:31,123 - INFO - Application starting with file logging enabled
2024-12-02 17:34:31,139 - INFO - Memory usage before creating labeler: 410.68 MB
2024-12-02 17:34:31,139 - INFO - Memory usage before creating labeler: 410.68 MB
2024-12-02 17:34:31,139 - INFO - Memory usage before creating labeler: 410.68 MB
2024-12-02 17:34:31,153 - INFO - Memory usage after creating labeler: 410.68 MB
2024-12-02 17:34:31,153 - INFO - Memory usage after creating labeler: 410.68 MB
2024-12-02 17:34:31,153 - INFO - Memory usage after creating labeler: 410.68 MB
2024-12-02 17:34:54,333 - INFO - Memory changes during image rendering:
2024-12-02 17:34:54,333 - INFO - Memory changes during image rendering:
2024-12-02 17:34:54,333 - INFO - Memory changes during image rendering:
2024-12-02 17:34:54,349 - INFO - D:\Anaconda\Lib\selectors.py:314: size=896 B (-144 KiB), count=16 (+3), average=56 B
2024-12-02 17:34:54,349 - INFO - D:\Anaconda\Lib\selectors.py:314: size=896 B (-144 KiB), count=16 (+3), average=56 B
2024-12-02 17:34:54,349 - INFO - D:\Anaconda\Lib\selectors.py:314: size=896 B (-144 KiB), count=16 (+3), average=56 B
2024-12-02 17:34:54,376 - INFO - D:\Anaconda\Lib\site-packages\matplotlib\cbook\__init__.py:714: size=64.1 KiB (+64.1 KiB), count=2 (+2), average=32.0 KiB
2024-12-02 17:34:54,376 - INFO - D:\Anaconda\Lib\site-packages\matplotlib\cbook\__init__.py:714: size=64.1 KiB (+64.1 KiB), count=2 (+2), average=32.0 KiB
2024-12-02 17:34:54,376 - INFO - D:\Anaconda\Lib\site-packages\matplotlib\cbook\__init__.py:714: size=64.1 KiB (+64.1 KiB), count=2 (+2), average=32.0 KiB
2024-12-02 17:34:54,416 - INFO - D:\Anaconda\Lib\site-packages\matplotlib\transforms.py:209: size=53.9 KiB (+53.8 KiB), count=709 (+708), average=78 B
2024-12-02 17:34:54,416 - INFO - D:\Anaconda\Lib\site-packages\matplotlib\transforms.py:209: size=53.9 KiB (+53.8 KiB), count=709 (+708), average=78 B
2024-12-02 17:34:54,416 - INFO - D:\Anaconda\Lib\site-packages\matplotlib\transforms.py:209: size=53.9 KiB (+53.8 KiB), count=709 (+708), average=78 B
2024-12-02 17:35:54,188 - INFO - Logging initialized. Log file: logs\memory_profile_20241202_173554.log
2024-12-02 17:35:54,188 - INFO - Logging initialized. Log file: logs\memory_profile_20241202_173554.log
2024-12-02 17:35:54,188 - INFO - Logging initialized. Log file: logs\memory_profile_20241202_173554.log
2024-12-02 17:35:54,198 - INFO - Application starting with file logging enabled
2024-12-02 17:35:54,198 - INFO - Application starting with file logging enabled
2024-12-02 17:35:54,198 - INFO - Application starting with file logging enabled
2024-12-02 17:35:54,217 - INFO - Memory usage before creating labeler: 416.38 MB
2024-12-02 17:35:54,217 - INFO - Memory usage before creating labeler: 416.38 MB
2024-12-02 17:35:54,217 - INFO - Memory usage before creating labeler: 416.38 MB
2024-12-02 17:35:54,237 - INFO - Memory usage after creating labeler: 416.38 MB
2024-12-02 17:35:54,237 - INFO - Memory usage after creating labeler: 416.38 MB
2024-12-02 17:35:54,237 - INFO - Memory usage after creating labeler: 416.38 MB
2024-12-02 17:36:14,614 - INFO - Memory changes during image rendering:
2024-12-02 17:36:14,614 - INFO - Memory changes during image rendering:
2024-12-02 17:36:14,614 - INFO - Memory changes during image rendering:
2024-12-02 17:36:14,629 - INFO - D:\Anaconda\Lib\site-packages\matplotlib\cbook\__init__.py:714: size=64.1 KiB (+64.1 KiB), count=2 (+2), average=32.0 KiB
2024-12-02 17:36:14,629 - INFO - D:\Anaconda\Lib\site-packages\matplotlib\cbook\__init__.py:714: size=64.1 KiB (+64.1 KiB), count=2 (+2), average=32.0 KiB
2024-12-02 17:36:14,629 - INFO - D:\Anaconda\Lib\site-packages\matplotlib\cbook\__init__.py:714: size=64.1 KiB (+64.1 KiB), count=2 (+2), average=32.0 KiB
2024-12-02 17:36:14,659 - INFO - D:\Anaconda\Lib\site-packages\matplotlib\transforms.py:209: size=53.8 KiB (+53.8 KiB), count=708 (+707), average=78 B
2024-12-02 17:36:14,659 - INFO - D:\Anaconda\Lib\site-packages\matplotlib\transforms.py:209: size=53.8 KiB (+53.8 KiB), count=708 (+707), average=78 B
2024-12-02 17:36:14,659 - INFO - D:\Anaconda\Lib\site-packages\matplotlib\transforms.py:209: size=53.8 KiB (+53.8 KiB), count=708 (+707), average=78 B
2024-12-02 17:36:14,688 - INFO - D:\Anaconda\Lib\site-packages\matplotlib\text.py:997: size=29.4 KiB (+29.4 KiB), count=38 (+38), average=792 B
2024-12-02 17:36:14,688 - INFO - D:\Anaconda\Lib\site-packages\matplotlib\text.py:997: size=29.4 KiB (+29.4 KiB), count=38 (+38), average=792 B
2024-12-02 17:36:14,688 - INFO - D:\Anaconda\Lib\site-packages\matplotlib\text.py:997: size=29.4 KiB (+29.4 KiB), count=38 (+38), average=792 B
2024-12-02 17:36:15,087 - INFO - Logging initialized. Log file: logs\memory_profile_20241202_173615.log
2024-12-02 17:36:15,087 - INFO - Logging initialized. Log file: logs\memory_profile_20241202_173615.log
2024-12-02 17:36:15,087 - INFO - Logging initialized. Log file: logs\memory_profile_20241202_173615.log
2024-12-02 17:36:15,108 - INFO - Application starting with file logging enabled
2024-12-02 17:36:15,108 - INFO - Application starting with file logging enabled
2024-12-02 17:36:15,108 - INFO - Application starting with file logging enabled
2024-12-02 17:36:15,133 - INFO - Memory usage before creating labeler: 423.14 MB
2024-12-02 17:36:15,133 - INFO - Memory usage before creating labeler: 423.14 MB
2024-12-02 17:36:15,133 - INFO - Memory usage before creating labeler: 423.14 MB
2024-12-02 17:36:15,159 - INFO - Memory usage after creating labeler: 423.14 MB
2024-12-02 17:36:15,159 - INFO - Memory usage after creating labeler: 423.14 MB
2024-12-02 17:36:15,159 - INFO - Memory usage after creating labeler: 423.14 MB
2024-12-02 17:36:18,973 - INFO - Logging initialized. Log file: logs\memory_profile_20241202_173618.log
2024-12-02 17:36:18,973 - INFO - Logging initialized. Log file: logs\memory_profile_20241202_173618.log
2024-12-02 17:36:18,973 - INFO - Logging initialized. Log file: logs\memory_profile_20241202_173618.log
2024-12-02 17:36:20,461 - INFO - Application starting with file logging enabled
2024-12-02 17:36:20,461 - INFO - Application starting with file logging enabled
2024-12-02 17:36:20,461 - INFO - Application starting with file logging enabled
2024-12-02 17:36:22,224 - INFO - Memory usage before creating labeler: 454.50 MB
2024-12-02 17:36:22,224 - INFO - Memory usage before creating labeler: 454.50 MB
2024-12-02 17:36:22,224 - INFO - Memory usage before creating labeler: 454.50 MB
2024-12-02 17:36:24,058 - INFO - Memory usage after creating labeler: 455.17 MB
2024-12-02 17:36:24,058 - INFO - Memory usage after creating labeler: 455.17 MB
2024-12-02 17:36:24,058 - INFO - Memory usage after creating labeler: 455.17 MB
2024-12-02 17:36:25,899 - INFO - Cache cleanup: removed 0 items, memory change: 0.00 MB
2024-12-02 17:36:25,899 - INFO - Cache cleanup: removed 0 items, memory change: 0.00 MB
2024-12-02 17:36:25,899 - INFO - Cache cleanup: removed 0 items, memory change: 0.00 MB
2024-12-02 17:36:32,307 - INFO - Cache cleanup: removed 0 items, memory change: 0.00 MB
2024-12-02 17:36:32,307 - INFO - Cache cleanup: removed 0 items, memory change: 0.00 MB
2024-12-02 17:36:32,307 - INFO - Cache cleanup: removed 0 items, memory change: 0.00 MB
2024-12-02 17:36:35,428 - INFO - Cache cleanup: removed 0 items, memory change: 0.00 MB
2024-12-02 17:36:35,428 - INFO - Cache cleanup: removed 0 items, memory change: 0.00 MB
2024-12-02 17:36:35,428 - INFO - Cache cleanup: removed 0 items, memory change: 0.00 MB
2024-12-02 17:36:35,786 - INFO - Memory changes during image rendering:
2024-12-02 17:36:35,786 - INFO - Memory changes during image rendering:
2024-12-02 17:36:35,786 - INFO - Memory changes during image rendering:
2024-12-02 17:36:35,831 - INFO - D:\Anaconda\Lib\site-packages\matplotlib\cbook\__init__.py:714: size=64.1 KiB (+64.1 KiB), count=2 (+2), average=32.0 KiB
2024-12-02 17:36:35,831 - INFO - D:\Anaconda\Lib\site-packages\matplotlib\cbook\__init__.py:714: size=64.1 KiB (+64.1 KiB), count=2 (+2), average=32.0 KiB
2024-12-02 17:36:35,831 - INFO - D:\Anaconda\Lib\site-packages\matplotlib\cbook\__init__.py:714: size=64.1 KiB (+64.1 KiB), count=2 (+2), average=32.0 KiB
2024-12-02 17:36:35,884 - INFO - D:\Anaconda\Lib\site-packages\streamlit\elements\image.py:279: size=154 KiB (+59.2 KiB), count=2 (+1), average=76.9 KiB
2024-12-02 17:36:35,884 - INFO - D:\Anaconda\Lib\site-packages\streamlit\elements\image.py:279: size=154 KiB (+59.2 KiB), count=2 (+1), average=76.9 KiB
2024-12-02 17:36:35,884 - INFO - D:\Anaconda\Lib\site-packages\streamlit\elements\image.py:279: size=154 KiB (+59.2 KiB), count=2 (+1), average=76.9 KiB
2024-12-02 17:36:35,915 - INFO - D:\Anaconda\Lib\site-packages\matplotlib\transforms.py:209: size=53.9 KiB (+53.8 KiB), count=709 (+708), average=78 B
2024-12-02 17:36:35,915 - INFO - D:\Anaconda\Lib\site-packages\matplotlib\transforms.py:209: size=53.9 KiB (+53.8 KiB), count=709 (+708), average=78 B
2024-12-02 17:36:35,915 - INFO - D:\Anaconda\Lib\site-packages\matplotlib\transforms.py:209: size=53.9 KiB (+53.8 KiB), count=709 (+708), average=78 B
2024-12-02 17:36:36,272 - INFO - Memory after cleanup: 2.7%
2024-12-02 17:36:36,272 - INFO - Memory after cleanup: 2.7%
2024-12-02 17:36:36,272 - INFO - Memory after cleanup: 2.7%
2024-12-02 17:36:36,837 - INFO - Logging initialized. Log file: logs\memory_profile_20241202_173636.log
2024-12-02 17:36:36,837 - INFO - Logging initialized. Log file: logs\memory_profile_20241202_173636.log
2024-12-02 17:36:36,837 - INFO - Logging initialized. Log file: logs\memory_profile_20241202_173636.log
2024-12-02 17:36:36,853 - INFO - Application starting with file logging enabled
2024-12-02 17:36:36,853 - INFO - Application starting with file logging enabled
2024-12-02 17:36:36,853 - INFO - Application starting with file logging enabled
2024-12-02 17:36:36,867 - INFO - Memory usage before creating labeler: 436.03 MB
2024-12-02 17:36:36,867 - INFO - Memory usage before creating labeler: 436.03 MB
2024-12-02 17:36:36,867 - INFO - Memory usage before creating labeler: 436.03 MB
2024-12-02 17:36:36,885 - INFO - Memory usage after creating labeler: 436.03 MB
2024-12-02 17:36:36,885 - INFO - Memory usage after creating labeler: 436.03 MB
2024-12-02 17:36:36,885 - INFO - Memory usage after creating labeler: 436.03 MB
2024-12-02 17:36:36,919 - INFO - Cache cleanup: removed 0 items, memory change: 0.00 MB
2024-12-02 17:36:36,919 - INFO - Cache cleanup: removed 0 items, memory change: 0.00 MB
2024-12-02 17:36:36,919 - INFO - Cache cleanup: removed 0 items, memory change: 0.00 MB
2024-12-02 17:36:38,059 - INFO - Cache cleanup: removed 0 items, memory change: 0.00 MB
2024-12-02 17:36:38,059 - INFO - Cache cleanup: removed 0 items, memory change: 0.00 MB
2024-12-02 17:36:38,059 - INFO - Cache cleanup: removed 0 items, memory change: 0.00 MB
2024-12-02 17:36:38,615 - INFO - Cache cleanup: removed 0 items, memory change: 0.00 MB
2024-12-02 17:36:38,615 - INFO - Cache cleanup: removed 0 items, memory change: 0.00 MB
2024-12-02 17:36:38,615 - INFO - Cache cleanup: removed 0 items, memory change: 0.00 MB
2024-12-02 17:36:38,912 - INFO - Cache cleanup: removed 0 items, memory change: 0.00 MB
2024-12-02 17:36:38,912 - INFO - Cache cleanup: removed 0 items, memory change: 0.00 MB
2024-12-02 17:36:38,912 - INFO - Cache cleanup: removed 0 items, memory change: 0.00 MB
2024-12-02 17:36:39,200 - INFO - Cache cleanup: removed 0 items, memory change: 0.00 MB
2024-12-02 17:36:39,200 - INFO - Cache cleanup: removed 0 items, memory change: 0.00 MB
2024-12-02 17:36:39,200 - INFO - Cache cleanup: removed 0 items, memory change: 0.00 MB
2024-12-02 17:36:49,430 - INFO - Memory changes during cleanup:
2024-12-02 17:36:49,430 - INFO - Memory changes during cleanup:
2024-12-02 17:36:49,430 - INFO - Memory changes during cleanup:
2024-12-02 17:36:49,437 - INFO - D:\Anaconda\Lib\site-packages\streamlit\runtime\state\session_state_proxy.py:63: size=688 B (+688 B), count=5 (+5), average=138 B
2024-12-02 17:36:49,437 - INFO - D:\Anaconda\Lib\site-packages\streamlit\runtime\state\session_state_proxy.py:63: size=688 B (+688 B), count=5 (+5), average=138 B
2024-12-02 17:36:49,437 - INFO - D:\Anaconda\Lib\site-packages\streamlit\runtime\state\session_state_proxy.py:63: size=688 B (+688 B), count=5 (+5), average=138 B
2024-12-02 17:36:49,449 - INFO - <string>:7: size=312 B (+312 B), count=2 (+2), average=156 B
2024-12-02 17:36:49,449 - INFO - <string>:7: size=312 B (+312 B), count=2 (+2), average=156 B
2024-12-02 17:36:49,449 - INFO - <string>:7: size=312 B (+312 B), count=2 (+2), average=156 B
2024-12-02 17:36:49,461 - INFO - <string>:6: size=312 B (+312 B), count=2 (+2), average=156 B
2024-12-02 17:36:49,461 - INFO - <string>:6: size=312 B (+312 B), count=2 (+2), average=156 B
2024-12-02 17:36:49,461 - INFO - <string>:6: size=312 B (+312 B), count=2 (+2), average=156 B
2024-12-02 17:36:49,473 - INFO - Memory usage after cleanup: 446.22 MB
2024-12-02 17:36:49,473 - INFO - Memory usage after cleanup: 446.22 MB
2024-12-02 17:36:49,473 - INFO - Memory usage after cleanup: 446.22 MB
2024-12-02 17:36:51,081 - INFO - Memory changes during cleanup:
2024-12-02 17:36:51,081 - INFO - Memory changes during cleanup:
2024-12-02 17:36:51,081 - INFO - Memory changes during cleanup:
2024-12-02 17:36:51,088 - INFO - D:\Anaconda\Lib\tracemalloc.py:115: size=0 B (-156 KiB), count=0 (-1999)
2024-12-02 17:36:51,088 - INFO - D:\Anaconda\Lib\tracemalloc.py:115: size=0 B (-156 KiB), count=0 (-1999)
2024-12-02 17:36:51,088 - INFO - D:\Anaconda\Lib\tracemalloc.py:115: size=0 B (-156 KiB), count=0 (-1999)
2024-12-02 17:36:51,100 - INFO - D:\Anaconda\Lib\site-packages\watchdog\observers\winapi.py:280: size=0 B (-4088 B), count=0 (-73)
2024-12-02 17:36:51,100 - INFO - D:\Anaconda\Lib\site-packages\watchdog\observers\winapi.py:280: size=0 B (-4088 B), count=0 (-73)
2024-12-02 17:36:51,100 - INFO - D:\Anaconda\Lib\site-packages\watchdog\observers\winapi.py:280: size=0 B (-4088 B), count=0 (-73)
2024-12-02 17:36:51,115 - INFO - D:\Anaconda\Lib\tracemalloc.py:558: size=496 B (+328 B), count=9 (+6), average=55 B
2024-12-02 17:36:51,115 - INFO - D:\Anaconda\Lib\tracemalloc.py:558: size=496 B (+328 B), count=9 (+6), average=55 B
2024-12-02 17:36:51,115 - INFO - D:\Anaconda\Lib\tracemalloc.py:558: size=496 B (+328 B), count=9 (+6), average=55 B
2024-12-02 17:36:51,128 - INFO - Memory usage after cleanup: 447.56 MB
2024-12-02 17:36:51,128 - INFO - Memory usage after cleanup: 447.56 MB
2024-12-02 17:36:51,128 - INFO - Memory usage after cleanup: 447.56 MB
2024-12-02 17:36:52,815 - INFO - Memory changes during cleanup:
2024-12-02 17:36:52,815 - INFO - Memory changes during cleanup:
2024-12-02 17:36:52,815 - INFO - Memory changes during cleanup:
2024-12-02 17:36:52,821 - INFO - D:\Anaconda\Lib\tracemalloc.py:115: size=0 B (-156 KiB), count=0 (-1999)
2024-12-02 17:36:52,821 - INFO - D:\Anaconda\Lib\tracemalloc.py:115: size=0 B (-156 KiB), count=0 (-1999)
2024-12-02 17:36:52,821 - INFO - D:\Anaconda\Lib\tracemalloc.py:115: size=0 B (-156 KiB), count=0 (-1999)
2024-12-02 17:36:52,833 - INFO - D:\Anaconda\Lib\site-packages\watchdog\observers\winapi.py:280: size=0 B (-4144 B), count=0 (-74)
2024-12-02 17:36:52,833 - INFO - D:\Anaconda\Lib\site-packages\watchdog\observers\winapi.py:280: size=0 B (-4144 B), count=0 (-74)
2024-12-02 17:36:52,833 - INFO - D:\Anaconda\Lib\site-packages\watchdog\observers\winapi.py:280: size=0 B (-4144 B), count=0 (-74)
2024-12-02 17:36:52,846 - INFO - D:\Anaconda\Lib\tracemalloc.py:558: size=496 B (+384 B), count=9 (+7), average=55 B
2024-12-02 17:36:52,846 - INFO - D:\Anaconda\Lib\tracemalloc.py:558: size=496 B (+384 B), count=9 (+7), average=55 B
2024-12-02 17:36:52,846 - INFO - D:\Anaconda\Lib\tracemalloc.py:558: size=496 B (+384 B), count=9 (+7), average=55 B
2024-12-02 17:36:52,858 - INFO - Memory usage after cleanup: 448.58 MB
2024-12-02 17:36:52,858 - INFO - Memory usage after cleanup: 448.58 MB
2024-12-02 17:36:52,858 - INFO - Memory usage after cleanup: 448.58 MB
2024-12-02 17:36:54,495 - INFO - Memory changes during cleanup:
2024-12-02 17:36:54,495 - INFO - Memory changes during cleanup:
2024-12-02 17:36:54,495 - INFO - Memory changes during cleanup:
2024-12-02 17:36:54,502 - INFO - D:\Anaconda\Lib\tracemalloc.py:115: size=0 B (-156 KiB), count=0 (-1999)
2024-12-02 17:36:54,502 - INFO - D:\Anaconda\Lib\tracemalloc.py:115: size=0 B (-156 KiB), count=0 (-1999)
2024-12-02 17:36:54,502 - INFO - D:\Anaconda\Lib\tracemalloc.py:115: size=0 B (-156 KiB), count=0 (-1999)
2024-12-02 17:36:54,514 - INFO - D:\Anaconda\Lib\site-packages\watchdog\observers\winapi.py:280: size=0 B (-4088 B), count=0 (-73)
2024-12-02 17:36:54,514 - INFO - D:\Anaconda\Lib\site-packages\watchdog\observers\winapi.py:280: size=0 B (-4088 B), count=0 (-73)
2024-12-02 17:36:54,514 - INFO - D:\Anaconda\Lib\site-packages\watchdog\observers\winapi.py:280: size=0 B (-4088 B), count=0 (-73)
2024-12-02 17:36:54,526 - INFO - D:\Anaconda\Lib\tracemalloc.py:558: size=496 B (+328 B), count=9 (+6), average=55 B
2024-12-02 17:36:54,526 - INFO - D:\Anaconda\Lib\tracemalloc.py:558: size=496 B (+328 B), count=9 (+6), average=55 B
2024-12-02 17:36:54,526 - INFO - D:\Anaconda\Lib\tracemalloc.py:558: size=496 B (+328 B), count=9 (+6), average=55 B
2024-12-02 17:36:54,539 - INFO - Memory usage after cleanup: 449.35 MB
2024-12-02 17:36:54,539 - INFO - Memory usage after cleanup: 449.35 MB
2024-12-02 17:36:54,539 - INFO - Memory usage after cleanup: 449.35 MB
2024-12-02 17:36:56,249 - INFO - Memory changes during cleanup:
2024-12-02 17:36:56,249 - INFO - Memory changes during cleanup:
2024-12-02 17:36:56,249 - INFO - Memory changes during cleanup:
2024-12-02 17:36:56,255 - INFO - D:\Anaconda\Lib\tracemalloc.py:560: size=104 B (+104 B), count=2 (+2), average=52 B
2024-12-02 17:36:56,255 - INFO - D:\Anaconda\Lib\tracemalloc.py:560: size=104 B (+104 B), count=2 (+2), average=52 B
2024-12-02 17:36:56,255 - INFO - D:\Anaconda\Lib\tracemalloc.py:560: size=104 B (+104 B), count=2 (+2), average=52 B
2024-12-02 17:36:56,268 - INFO - D:\Anaconda\Lib\tracemalloc.py:423: size=104 B (+104 B), count=2 (+2), average=52 B
2024-12-02 17:36:56,268 - INFO - D:\Anaconda\Lib\tracemalloc.py:423: size=104 B (+104 B), count=2 (+2), average=52 B
2024-12-02 17:36:56,268 - INFO - D:\Anaconda\Lib\tracemalloc.py:423: size=104 B (+104 B), count=2 (+2), average=52 B
2024-12-02 17:36:56,280 - INFO - C:\Users\user\Desktop\Labels-Local\app.py:809: size=72 B (+72 B), count=2 (+2), average=36 B
2024-12-02 17:36:56,280 - INFO - C:\Users\user\Desktop\Labels-Local\app.py:809: size=72 B (+72 B), count=2 (+2), average=36 B
2024-12-02 17:36:56,280 - INFO - C:\Users\user\Desktop\Labels-Local\app.py:809: size=72 B (+72 B), count=2 (+2), average=36 B
2024-12-02 17:36:56,293 - INFO - Memory usage after cleanup: 447.93 MB
2024-12-02 17:36:56,293 - INFO - Memory usage after cleanup: 447.93 MB
2024-12-02 17:36:56,293 - INFO - Memory usage after cleanup: 447.93 MB
2024-12-02 17:36:57,968 - INFO - Memory changes during cleanup:
2024-12-02 17:36:57,968 - INFO - Memory changes during cleanup:
2024-12-02 17:36:57,968 - INFO - Memory changes during cleanup:
2024-12-02 17:36:57,975 - INFO - D:\Anaconda\Lib\tracemalloc.py:560: size=88 B (+88 B), count=2 (+2), average=44 B
2024-12-02 17:36:57,975 - INFO - D:\Anaconda\Lib\tracemalloc.py:560: size=88 B (+88 B), count=2 (+2), average=44 B
2024-12-02 17:36:57,975 - INFO - D:\Anaconda\Lib\tracemalloc.py:560: size=88 B (+88 B), count=2 (+2), average=44 B
2024-12-02 17:36:57,986 - INFO - D:\Anaconda\Lib\tracemalloc.py:423: size=88 B (+88 B), count=2 (+2), average=44 B
2024-12-02 17:36:57,986 - INFO - D:\Anaconda\Lib\tracemalloc.py:423: size=88 B (+88 B), count=2 (+2), average=44 B
2024-12-02 17:36:57,986 - INFO - D:\Anaconda\Lib\tracemalloc.py:423: size=88 B (+88 B), count=2 (+2), average=44 B
2024-12-02 17:36:57,998 - INFO - C:\Users\user\Desktop\Labels-Local\app.py:809: size=72 B (+72 B), count=2 (+2), average=36 B
2024-12-02 17:36:57,998 - INFO - C:\Users\user\Desktop\Labels-Local\app.py:809: size=72 B (+72 B), count=2 (+2), average=36 B
2024-12-02 17:36:57,998 - INFO - C:\Users\user\Desktop\Labels-Local\app.py:809: size=72 B (+72 B), count=2 (+2), average=36 B
2024-12-02 17:36:58,011 - INFO - Memory usage after cleanup: 447.73 MB
2024-12-02 17:36:58,011 - INFO - Memory usage after cleanup: 447.73 MB
2024-12-02 17:36:58,011 - INFO - Memory usage after cleanup: 447.73 MB
2024-12-02 17:36:59,744 - INFO - Memory changes during cleanup:
2024-12-02 17:36:59,744 - INFO - Memory changes during cleanup:
2024-12-02 17:36:59,744 - INFO - Memory changes during cleanup:
2024-12-02 17:36:59,751 - INFO - D:\Anaconda\Lib\tracemalloc.py:115: size=0 B (-156 KiB), count=0 (-1999)
2024-12-02 17:36:59,751 - INFO - D:\Anaconda\Lib\tracemalloc.py:115: size=0 B (-156 KiB), count=0 (-1999)
2024-12-02 17:36:59,751 - INFO - D:\Anaconda\Lib\tracemalloc.py:115: size=0 B (-156 KiB), count=0 (-1999)
2024-12-02 17:36:59,762 - INFO - D:\Anaconda\Lib\site-packages\watchdog\observers\winapi.py:280: size=0 B (-4144 B), count=0 (-74)
2024-12-02 17:36:59,762 - INFO - D:\Anaconda\Lib\site-packages\watchdog\observers\winapi.py:280: size=0 B (-4144 B), count=0 (-74)
2024-12-02 17:36:59,762 - INFO - D:\Anaconda\Lib\site-packages\watchdog\observers\winapi.py:280: size=0 B (-4144 B), count=0 (-74)
2024-12-02 17:36:59,775 - INFO - D:\Anaconda\Lib\tracemalloc.py:558: size=496 B (+384 B), count=9 (+7), average=55 B
2024-12-02 17:36:59,775 - INFO - D:\Anaconda\Lib\tracemalloc.py:558: size=496 B (+384 B), count=9 (+7), average=55 B
2024-12-02 17:36:59,775 - INFO - D:\Anaconda\Lib\tracemalloc.py:558: size=496 B (+384 B), count=9 (+7), average=55 B
2024-12-02 17:36:59,787 - INFO - Memory usage after cleanup: 450.72 MB
2024-12-02 17:36:59,787 - INFO - Memory usage after cleanup: 450.72 MB
2024-12-02 17:36:59,787 - INFO - Memory usage after cleanup: 450.72 MB
2024-12-02 17:37:01,567 - INFO - Memory changes during cleanup:
2024-12-02 17:37:01,567 - INFO - Memory changes during cleanup:
2024-12-02 17:37:01,567 - INFO - Memory changes during cleanup:
2024-12-02 17:37:01,574 - INFO - D:\Anaconda\Lib\tracemalloc.py:560: size=88 B (+88 B), count=2 (+2), average=44 B
2024-12-02 17:37:01,574 - INFO - D:\Anaconda\Lib\tracemalloc.py:560: size=88 B (+88 B), count=2 (+2), average=44 B
2024-12-02 17:37:01,574 - INFO - D:\Anaconda\Lib\tracemalloc.py:560: size=88 B (+88 B), count=2 (+2), average=44 B
2024-12-02 17:37:01,590 - INFO - D:\Anaconda\Lib\tracemalloc.py:423: size=80 B (+80 B), count=2 (+2), average=40 B
2024-12-02 17:37:01,590 - INFO - D:\Anaconda\Lib\tracemalloc.py:423: size=80 B (+80 B), count=2 (+2), average=40 B
2024-12-02 17:37:01,590 - INFO - D:\Anaconda\Lib\tracemalloc.py:423: size=80 B (+80 B), count=2 (+2), average=40 B
2024-12-02 17:37:01,603 - INFO - C:\Users\user\Desktop\Labels-Local\app.py:809: size=72 B (+72 B), count=2 (+2), average=36 B
2024-12-02 17:37:01,603 - INFO - C:\Users\user\Desktop\Labels-Local\app.py:809: size=72 B (+72 B), count=2 (+2), average=36 B
2024-12-02 17:37:01,603 - INFO - C:\Users\user\Desktop\Labels-Local\app.py:809: size=72 B (+72 B), count=2 (+2), average=36 B
2024-12-02 17:37:01,616 - INFO - Memory usage after cleanup: 448.93 MB
2024-12-02 17:37:01,616 - INFO - Memory usage after cleanup: 448.93 MB
2024-12-02 17:37:01,616 - INFO - Memory usage after cleanup: 448.93 MB
2024-12-02 17:37:03,289 - INFO - Memory changes during cleanup:
2024-12-02 17:37:03,289 - INFO - Memory changes during cleanup:
2024-12-02 17:37:03,289 - INFO - Memory changes during cleanup:
2024-12-02 17:37:03,296 - INFO - D:\Anaconda\Lib\tracemalloc.py:115: size=0 B (-156 KiB), count=0 (-1999)
2024-12-02 17:37:03,296 - INFO - D:\Anaconda\Lib\tracemalloc.py:115: size=0 B (-156 KiB), count=0 (-1999)
2024-12-02 17:37:03,296 - INFO - D:\Anaconda\Lib\tracemalloc.py:115: size=0 B (-156 KiB), count=0 (-1999)
2024-12-02 17:37:03,308 - INFO - D:\Anaconda\Lib\site-packages\watchdog\observers\winapi.py:280: size=0 B (-4088 B), count=0 (-73)
2024-12-02 17:37:03,308 - INFO - D:\Anaconda\Lib\site-packages\watchdog\observers\winapi.py:280: size=0 B (-4088 B), count=0 (-73)
2024-12-02 17:37:03,308 - INFO - D:\Anaconda\Lib\site-packages\watchdog\observers\winapi.py:280: size=0 B (-4088 B), count=0 (-73)
2024-12-02 17:37:03,321 - INFO - D:\Anaconda\Lib\tracemalloc.py:558: size=496 B (+328 B), count=9 (+6), average=55 B
2024-12-02 17:37:03,321 - INFO - D:\Anaconda\Lib\tracemalloc.py:558: size=496 B (+328 B), count=9 (+6), average=55 B
2024-12-02 17:37:03,321 - INFO - D:\Anaconda\Lib\tracemalloc.py:558: size=496 B (+328 B), count=9 (+6), average=55 B
2024-12-02 17:37:03,333 - INFO - Memory usage after cleanup: 451.03 MB
2024-12-02 17:37:03,333 - INFO - Memory usage after cleanup: 451.03 MB
2024-12-02 17:37:03,333 - INFO - Memory usage after cleanup: 451.03 MB
2024-12-02 17:37:04,940 - INFO - Memory changes during cleanup:
2024-12-02 17:37:04,940 - INFO - Memory changes during cleanup:
2024-12-02 17:37:04,940 - INFO - Memory changes during cleanup:
2024-12-02 17:37:04,947 - INFO - D:\Anaconda\Lib\tracemalloc.py:115: size=0 B (-156 KiB), count=0 (-1999)
2024-12-02 17:37:04,947 - INFO - D:\Anaconda\Lib\tracemalloc.py:115: size=0 B (-156 KiB), count=0 (-1999)
2024-12-02 17:37:04,947 - INFO - D:\Anaconda\Lib\tracemalloc.py:115: size=0 B (-156 KiB), count=0 (-1999)
2024-12-02 17:37:04,960 - INFO - D:\Anaconda\Lib\site-packages\watchdog\observers\winapi.py:280: size=0 B (-4088 B), count=0 (-73)
2024-12-02 17:37:04,960 - INFO - D:\Anaconda\Lib\site-packages\watchdog\observers\winapi.py:280: size=0 B (-4088 B), count=0 (-73)
2024-12-02 17:37:04,960 - INFO - D:\Anaconda\Lib\site-packages\watchdog\observers\winapi.py:280: size=0 B (-4088 B), count=0 (-73)
2024-12-02 17:37:04,971 - INFO - D:\Anaconda\Lib\tracemalloc.py:558: size=496 B (+328 B), count=9 (+6), average=55 B
2024-12-02 17:37:04,971 - INFO - D:\Anaconda\Lib\tracemalloc.py:558: size=496 B (+328 B), count=9 (+6), average=55 B
2024-12-02 17:37:04,971 - INFO - D:\Anaconda\Lib\tracemalloc.py:558: size=496 B (+328 B), count=9 (+6), average=55 B
2024-12-02 17:37:04,983 - INFO - Memory usage after cleanup: 451.35 MB
2024-12-02 17:37:04,983 - INFO - Memory usage after cleanup: 451.35 MB
2024-12-02 17:37:04,983 - INFO - Memory usage after cleanup: 451.35 MB
2024-12-02 17:37:06,612 - INFO - Memory changes during cleanup:
2024-12-02 17:37:06,612 - INFO - Memory changes during cleanup:
2024-12-02 17:37:06,612 - INFO - Memory changes during cleanup:
2024-12-02 17:37:06,619 - INFO - D:\Anaconda\Lib\tracemalloc.py:115: size=0 B (-156 KiB), count=0 (-1999)
2024-12-02 17:37:06,619 - INFO - D:\Anaconda\Lib\tracemalloc.py:115: size=0 B (-156 KiB), count=0 (-1999)
2024-12-02 17:37:06,619 - INFO - D:\Anaconda\Lib\tracemalloc.py:115: size=0 B (-156 KiB), count=0 (-1999)
2024-12-02 17:37:06,630 - INFO - D:\Anaconda\Lib\site-packages\watchdog\observers\winapi.py:280: size=0 B (-4088 B), count=0 (-73)
2024-12-02 17:37:06,630 - INFO - D:\Anaconda\Lib\site-packages\watchdog\observers\winapi.py:280: size=0 B (-4088 B), count=0 (-73)
2024-12-02 17:37:06,630 - INFO - D:\Anaconda\Lib\site-packages\watchdog\observers\winapi.py:280: size=0 B (-4088 B), count=0 (-73)
2024-12-02 17:37:06,643 - INFO - D:\Anaconda\Lib\tracemalloc.py:558: size=496 B (+328 B), count=9 (+6), average=55 B
2024-12-02 17:37:06,643 - INFO - D:\Anaconda\Lib\tracemalloc.py:558: size=496 B (+328 B), count=9 (+6), average=55 B
2024-12-02 17:37:06,643 - INFO - D:\Anaconda\Lib\tracemalloc.py:558: size=496 B (+328 B), count=9 (+6), average=55 B
2024-12-02 17:37:06,656 - INFO - Memory usage after cleanup: 451.89 MB
2024-12-02 17:37:06,656 - INFO - Memory usage after cleanup: 451.89 MB
2024-12-02 17:37:06,656 - INFO - Memory usage after cleanup: 451.89 MB
2024-12-02 17:37:08,357 - INFO - Memory changes during cleanup:
2024-12-02 17:37:08,357 - INFO - Memory changes during cleanup:
2024-12-02 17:37:08,357 - INFO - Memory changes during cleanup:
2024-12-02 17:37:08,364 - INFO - D:\Anaconda\Lib\tracemalloc.py:560: size=88 B (+88 B), count=2 (+2), average=44 B
2024-12-02 17:37:08,364 - INFO - D:\Anaconda\Lib\tracemalloc.py:560: size=88 B (+88 B), count=2 (+2), average=44 B
2024-12-02 17:37:08,364 - INFO - D:\Anaconda\Lib\tracemalloc.py:560: size=88 B (+88 B), count=2 (+2), average=44 B
2024-12-02 17:37:08,375 - INFO - D:\Anaconda\Lib\tracemalloc.py:423: size=80 B (+80 B), count=2 (+2), average=40 B
2024-12-02 17:37:08,375 - INFO - D:\Anaconda\Lib\tracemalloc.py:423: size=80 B (+80 B), count=2 (+2), average=40 B
2024-12-02 17:37:08,375 - INFO - D:\Anaconda\Lib\tracemalloc.py:423: size=80 B (+80 B), count=2 (+2), average=40 B
2024-12-02 17:37:08,387 - INFO - C:\Users\user\Desktop\Labels-Local\app.py:809: size=72 B (+72 B), count=2 (+2), average=36 B
2024-12-02 17:37:08,387 - INFO - C:\Users\user\Desktop\Labels-Local\app.py:809: size=72 B (+72 B), count=2 (+2), average=36 B
2024-12-02 17:37:08,387 - INFO - C:\Users\user\Desktop\Labels-Local\app.py:809: size=72 B (+72 B), count=2 (+2), average=36 B
2024-12-02 17:37:08,400 - INFO - Memory usage after cleanup: 451.33 MB
2024-12-02 17:37:08,400 - INFO - Memory usage after cleanup: 451.33 MB
2024-12-02 17:37:08,400 - INFO - Memory usage after cleanup: 451.33 MB
2024-12-02 17:37:10,122 - INFO - Memory changes during cleanup:
2024-12-02 17:37:10,122 - INFO - Memory changes during cleanup:
2024-12-02 17:37:10,122 - INFO - Memory changes during cleanup:
2024-12-02 17:37:10,129 - INFO - D:\Anaconda\Lib\tracemalloc.py:558: size=160 B (+104 B), count=3 (+2), average=53 B
2024-12-02 17:37:10,129 - INFO - D:\Anaconda\Lib\tracemalloc.py:558: size=160 B (+104 B), count=3 (+2), average=53 B
2024-12-02 17:37:10,129 - INFO - D:\Anaconda\Lib\tracemalloc.py:558: size=160 B (+104 B), count=3 (+2), average=53 B
2024-12-02 17:37:10,141 - INFO - D:\Anaconda\Lib\tracemalloc.py:560: size=88 B (+88 B), count=2 (+2), average=44 B
2024-12-02 17:37:10,141 - INFO - D:\Anaconda\Lib\tracemalloc.py:560: size=88 B (+88 B), count=2 (+2), average=44 B
2024-12-02 17:37:10,141 - INFO - D:\Anaconda\Lib\tracemalloc.py:560: size=88 B (+88 B), count=2 (+2), average=44 B
2024-12-02 17:37:10,154 - INFO - D:\Anaconda\Lib\tracemalloc.py:423: size=80 B (+80 B), count=2 (+2), average=40 B
2024-12-02 17:37:10,154 - INFO - D:\Anaconda\Lib\tracemalloc.py:423: size=80 B (+80 B), count=2 (+2), average=40 B
2024-12-02 17:37:10,154 - INFO - D:\Anaconda\Lib\tracemalloc.py:423: size=80 B (+80 B), count=2 (+2), average=40 B
2024-12-02 17:37:10,167 - INFO - Memory usage after cleanup: 451.57 MB
2024-12-02 17:37:10,167 - INFO - Memory usage after cleanup: 451.57 MB
2024-12-02 17:37:10,167 - INFO - Memory usage after cleanup: 451.57 MB
2024-12-02 17:37:11,971 - INFO - Memory changes during cleanup:
2024-12-02 17:37:11,971 - INFO - Memory changes during cleanup:
2024-12-02 17:37:11,971 - INFO - Memory changes during cleanup:
2024-12-02 17:37:11,978 - INFO - D:\Anaconda\Lib\tracemalloc.py:115: size=0 B (-156 KiB), count=0 (-1999)
2024-12-02 17:37:11,978 - INFO - D:\Anaconda\Lib\tracemalloc.py:115: size=0 B (-156 KiB), count=0 (-1999)
2024-12-02 17:37:11,978 - INFO - D:\Anaconda\Lib\tracemalloc.py:115: size=0 B (-156 KiB), count=0 (-1999)
2024-12-02 17:37:11,990 - INFO - D:\Anaconda\Lib\site-packages\watchdog\observers\winapi.py:280: size=0 B (-4088 B), count=0 (-73)
2024-12-02 17:37:11,990 - INFO - D:\Anaconda\Lib\site-packages\watchdog\observers\winapi.py:280: size=0 B (-4088 B), count=0 (-73)
2024-12-02 17:37:11,990 - INFO - D:\Anaconda\Lib\site-packages\watchdog\observers\winapi.py:280: size=0 B (-4088 B), count=0 (-73)
2024-12-02 17:37:12,003 - INFO - D:\Anaconda\Lib\tracemalloc.py:558: size=496 B (+328 B), count=9 (+6), average=55 B
2024-12-02 17:37:12,003 - INFO - D:\Anaconda\Lib\tracemalloc.py:558: size=496 B (+328 B), count=9 (+6), average=55 B
2024-12-02 17:37:12,003 - INFO - D:\Anaconda\Lib\tracemalloc.py:558: size=496 B (+328 B), count=9 (+6), average=55 B
2024-12-02 17:37:12,015 - INFO - Memory usage after cleanup: 453.07 MB
2024-12-02 17:37:12,015 - INFO - Memory usage after cleanup: 453.07 MB
2024-12-02 17:37:12,015 - INFO - Memory usage after cleanup: 453.07 MB
2024-12-02 17:37:13,740 - INFO - Memory changes during cleanup:
2024-12-02 17:37:13,740 - INFO - Memory changes during cleanup:
2024-12-02 17:37:13,740 - INFO - Memory changes during cleanup:
2024-12-02 17:37:13,747 - INFO - D:\Anaconda\Lib\tracemalloc.py:558: size=4416 B (+4360 B), count=80 (+79), average=55 B
2024-12-02 17:37:13,747 - INFO - D:\Anaconda\Lib\tracemalloc.py:558: size=4416 B (+4360 B), count=80 (+79), average=55 B
2024-12-02 17:37:13,747 - INFO - D:\Anaconda\Lib\tracemalloc.py:558: size=4416 B (+4360 B), count=80 (+79), average=55 B
2024-12-02 17:37:13,758 - INFO - D:\Anaconda\Lib\email\message.py:511: size=0 B (-3472 B), count=0 (-62)
2024-12-02 17:37:13,758 - INFO - D:\Anaconda\Lib\email\message.py:511: size=0 B (-3472 B), count=0 (-62)
2024-12-02 17:37:13,758 - INFO - D:\Anaconda\Lib\email\message.py:511: size=0 B (-3472 B), count=0 (-62)
2024-12-02 17:37:13,770 - INFO - D:\Anaconda\Lib\weakref.py:590: size=0 B (-512 B), count=0 (-8)
2024-12-02 17:37:13,770 - INFO - D:\Anaconda\Lib\weakref.py:590: size=0 B (-512 B), count=0 (-8)
2024-12-02 17:37:13,770 - INFO - D:\Anaconda\Lib\weakref.py:590: size=0 B (-512 B), count=0 (-8)
2024-12-02 17:37:13,783 - INFO - Memory usage after cleanup: 447.91 MB
2024-12-02 17:37:13,783 - INFO - Memory usage after cleanup: 447.91 MB
2024-12-02 17:37:13,783 - INFO - Memory usage after cleanup: 447.91 MB
2024-12-02 17:37:15,508 - INFO - Memory changes during cleanup:
2024-12-02 17:37:15,508 - INFO - Memory changes during cleanup:
2024-12-02 17:37:15,508 - INFO - Memory changes during cleanup:
2024-12-02 17:37:15,515 - INFO - D:\Anaconda\Lib\tracemalloc.py:115: size=0 B (-156 KiB), count=0 (-1999)
2024-12-02 17:37:15,515 - INFO - D:\Anaconda\Lib\tracemalloc.py:115: size=0 B (-156 KiB), count=0 (-1999)
2024-12-02 17:37:15,515 - INFO - D:\Anaconda\Lib\tracemalloc.py:115: size=0 B (-156 KiB), count=0 (-1999)
2024-12-02 17:37:15,525 - INFO - D:\Anaconda\Lib\tracemalloc.py:558: size=94.1 KiB (+93.9 KiB), count=2006 (+2003), average=48 B
2024-12-02 17:37:15,525 - INFO - D:\Anaconda\Lib\tracemalloc.py:558: size=94.1 KiB (+93.9 KiB), count=2006 (+2003), average=48 B
2024-12-02 17:37:15,525 - INFO - D:\Anaconda\Lib\tracemalloc.py:558: size=94.1 KiB (+93.9 KiB), count=2006 (+2003), average=48 B
2024-12-02 17:37:15,538 - INFO - D:\Anaconda\Lib\tracemalloc.py:193: size=0 B (-93.5 KiB), count=0 (-1995)
2024-12-02 17:37:15,538 - INFO - D:\Anaconda\Lib\tracemalloc.py:193: size=0 B (-93.5 KiB), count=0 (-1995)
2024-12-02 17:37:15,538 - INFO - D:\Anaconda\Lib\tracemalloc.py:193: size=0 B (-93.5 KiB), count=0 (-1995)
2024-12-02 17:37:15,550 - INFO - Memory usage after cleanup: 448.75 MB
2024-12-02 17:37:15,550 - INFO - Memory usage after cleanup: 448.75 MB
2024-12-02 17:37:15,550 - INFO - Memory usage after cleanup: 448.75 MB
2024-12-02 17:37:17,310 - INFO - Memory changes during cleanup:
2024-12-02 17:37:17,310 - INFO - Memory changes during cleanup:
2024-12-02 17:37:17,310 - INFO - Memory changes during cleanup:
2024-12-02 17:37:17,317 - INFO - D:\Anaconda\Lib\tracemalloc.py:115: size=0 B (-156 KiB), count=0 (-1999)
2024-12-02 17:37:17,317 - INFO - D:\Anaconda\Lib\tracemalloc.py:115: size=0 B (-156 KiB), count=0 (-1999)
2024-12-02 17:37:17,317 - INFO - D:\Anaconda\Lib\tracemalloc.py:115: size=0 B (-156 KiB), count=0 (-1999)
2024-12-02 17:37:17,328 - INFO - D:\Anaconda\Lib\tracemalloc.py:558: size=94.1 KiB (+93.9 KiB), count=2006 (+2003), average=48 B
2024-12-02 17:37:17,328 - INFO - D:\Anaconda\Lib\tracemalloc.py:558: size=94.1 KiB (+93.9 KiB), count=2006 (+2003), average=48 B
2024-12-02 17:37:17,328 - INFO - D:\Anaconda\Lib\tracemalloc.py:558: size=94.1 KiB (+93.9 KiB), count=2006 (+2003), average=48 B
2024-12-02 17:37:17,341 - INFO - D:\Anaconda\Lib\tracemalloc.py:193: size=0 B (-93.5 KiB), count=0 (-1995)
2024-12-02 17:37:17,341 - INFO - D:\Anaconda\Lib\tracemalloc.py:193: size=0 B (-93.5 KiB), count=0 (-1995)
2024-12-02 17:37:17,341 - INFO - D:\Anaconda\Lib\tracemalloc.py:193: size=0 B (-93.5 KiB), count=0 (-1995)
2024-12-02 17:37:17,354 - INFO - Memory usage after cleanup: 448.86 MB
2024-12-02 17:37:17,354 - INFO - Memory usage after cleanup: 448.86 MB
2024-12-02 17:37:17,354 - INFO - Memory usage after cleanup: 448.86 MB
2024-12-02 17:37:19,082 - INFO - Memory changes during cleanup:
2024-12-02 17:37:19,082 - INFO - Memory changes during cleanup:
2024-12-02 17:37:19,082 - INFO - Memory changes during cleanup:
2024-12-02 17:37:19,088 - INFO - D:\Anaconda\Lib\tracemalloc.py:115: size=0 B (-156 KiB), count=0 (-1999)
2024-12-02 17:37:19,088 - INFO - D:\Anaconda\Lib\tracemalloc.py:115: size=0 B (-156 KiB), count=0 (-1999)
2024-12-02 17:37:19,088 - INFO - D:\Anaconda\Lib\tracemalloc.py:115: size=0 B (-156 KiB), count=0 (-1999)
2024-12-02 17:37:19,111 - INFO - D:\Anaconda\Lib\tracemalloc.py:558: size=94.1 KiB (+93.9 KiB), count=2006 (+2003), average=48 B
2024-12-02 17:37:19,111 - INFO - D:\Anaconda\Lib\tracemalloc.py:558: size=94.1 KiB (+93.9 KiB), count=2006 (+2003), average=48 B
2024-12-02 17:37:19,111 - INFO - D:\Anaconda\Lib\tracemalloc.py:558: size=94.1 KiB (+93.9 KiB), count=2006 (+2003), average=48 B
2024-12-02 17:37:19,123 - INFO - D:\Anaconda\Lib\tracemalloc.py:193: size=0 B (-93.5 KiB), count=0 (-1995)
2024-12-02 17:37:19,123 - INFO - D:\Anaconda\Lib\tracemalloc.py:193: size=0 B (-93.5 KiB), count=0 (-1995)
2024-12-02 17:37:19,123 - INFO - D:\Anaconda\Lib\tracemalloc.py:193: size=0 B (-93.5 KiB), count=0 (-1995)
2024-12-02 17:37:19,136 - INFO - Memory usage after cleanup: 448.96 MB
2024-12-02 17:37:19,136 - INFO - Memory usage after cleanup: 448.96 MB
2024-12-02 17:37:19,136 - INFO - Memory usage after cleanup: 448.96 MB
